# Nmap 7.94SVN scan initiated Thu Dec 26 18:35:18 2024 as: /usr/lib/nmap/nmap --privileged -sC -A -oN NmapScan.log 10.10.75.2
Nmap scan report for 10.10.75.2
Host is up (0.19s latency).
Not shown: 998 closed tcp ports (reset)
PORT   STATE SERVICE VERSION
22/tcp open  ssh     OpenSSH 7.2p2 Ubuntu 4ubuntu2.8 (Ubuntu Linux; protocol 2.0)
| ssh-hostkey: 
|   2048 c4:2f:c3:47:67:06:32:04:ef:92:91:8e:05:87:d5:dc (RSA)
|   256 68:92:13:ec:94:79:dc:bb:77:02:da:99:bf:b6:9d:b0 (ECDSA)
|_  256 43:e8:24:fc:d8:b8:d3:aa:c2:48:08:97:51:dc:5b:7d (ED25519)
80/tcp open  http    Apache httpd 2.4.18 ((Ubuntu))
|_http-title: Welcome to  Blog - Library Machine
|_http-server-header: Apache/2.4.18 (Ubuntu)
| http-robots.txt: 1 disallowed entry 
|_/
No exact OS matches for host (If you know what OS is running on it, see https://nmap.org/submit/ ).
TCP/IP fingerprint:
OS:SCAN(V=7.94SVN%E=4%D=12/26%OT=22%CT=1%CU=33075%PV=Y%DS=5%DC=T%G=Y%TM=676
OS:D54C0%P=x86_64-pc-linux-gnu)SEQ(SP=106%GCD=1%ISR=106%TI=Z%TS=8)SEQ(SP=10
OS:6%GCD=1%ISR=106%TI=Z%II=I%TS=8)SEQ(SP=106%GCD=1%ISR=106%TI=Z%CI=I%TS=8)S
OS:EQ(SP=106%GCD=1%ISR=106%TI=Z%CI=I%II=I%TS=8)OPS(O1=M508ST11NW6%O2=M508ST
OS:11NW6%O3=M508NNT11NW6%O4=M508ST11NW6%O5=M508ST11NW6%O6=M508ST11)WIN(W1=6
OS:8DF%W2=68DF%W3=68DF%W4=68DF%W5=68DF%W6=68DF)ECN(R=Y%DF=Y%T=40%W=6903%O=M
OS:508NNSNW6%CC=Y%Q=)T1(R=Y%DF=Y%T=40%S=O%A=S+%F=AS%RD=0%Q=)T2(R=N)T3(R=N)T
OS:4(R=Y%DF=Y%T=40%W=0%S=A%A=Z%F=R%O=%RD=0%Q=)T5(R=Y%DF=Y%T=40%W=0%S=Z%A=S+
OS:%F=AR%O=%RD=0%Q=)T6(R=Y%DF=Y%T=40%W=0%S=A%A=Z%F=R%O=%RD=0%Q=)T7(R=Y%DF=Y
OS:%T=40%W=0%S=Z%A=S+%F=AR%O=%RD=0%Q=)U1(R=Y%DF=N%T=40%IPL=164%UN=0%RIPL=G%
OS:RID=G%RIPCK=G%RUCK=G%RUD=G)IE(R=Y%DFI=N%T=40%CD=S)

Network Distance: 5 hops
Service Info: OS: Linux; CPE: cpe:/o:linux:linux_kernel

TRACEROUTE (using port 8080/tcp)
HOP RTT       ADDRESS
1   169.09 ms 10.17.0.1
2   ... 4
5   233.86 ms 10.10.75.2

OS and Service detection performed. Please report any incorrect results at https://nmap.org/submit/ .
# Nmap done at Thu Dec 26 18:36:08 2024 -- 1 IP address (1 host up) scanned in 50.13 seconds
