Starting Nmap 7.95 ( https://nmap.org ) at 2025-05-13 12:35 EDT
NSE: [ssh-brute] Trying username/password pair: root:root
NSE: [ssh-brute] Trying username/password pair: admin:admin
NSE: [ssh-brute] Trying username/password pair: administrator:administrator
NSE: [ssh-brute] Trying username/password pair: webadmin:webadmin
NSE: [ssh-brute] Trying username/password pair: sysadmin:sysadmin
NSE: [ssh-brute] Trying username/password pair: netadmin:netadmin
NSE: [ssh-brute] Trying username/password pair: guest:guest
NSE: [ssh-brute] Trying username/password pair: user:user
NSE: [ssh-brute] Trying username/password pair: web:web
NSE: [ssh-brute] Trying username/password pair: test:test
NSE: [ssh-brute] Trying username/password pair: root:
NSE: [ssh-brute] Trying username/password pair: admin:
NSE: [ssh-brute] Trying username/password pair: administrator:
NSE: [ssh-brute] Trying username/password pair: webadmin:
NSE: [ssh-brute] Trying username/password pair: sysadmin:
NSE: [ssh-brute] Trying username/password pair: netadmin:
NSE: [ssh-brute] Trying username/password pair: guest:
NSE: [ssh-brute] Trying username/password pair: user:
NSE: [ssh-brute] Trying username/password pair: web:
NSE: [ssh-brute] Trying username/password pair: test:
NSE: [ssh-brute] Trying username/password pair: root:123456
NSE: [ssh-brute] Trying username/password pair: admin:123456
NSE: [ssh-brute] Trying username/password pair: administrator:123456
NSE: [ssh-brute] Trying username/password pair: webadmin:123456
NSE: [ssh-brute] Trying username/password pair: sysadmin:123456
NSE: [ssh-brute] Trying username/password pair: netadmin:123456
NSE: [ssh-brute] Trying username/password pair: guest:123456
NSE: [ssh-brute] Trying username/password pair: user:123456
NSE: [ssh-brute] Trying username/password pair: web:123456
NSE: [ssh-brute] Trying username/password pair: test:123456
NSE: [ssh-brute] Trying username/password pair: root:12345
NSE: [ssh-brute] Trying username/password pair: admin:12345
NSE: [ssh-brute] Trying username/password pair: administrator:12345
NSE: [ssh-brute] Trying username/password pair: webadmin:12345
NSE: [ssh-brute] Trying username/password pair: sysadmin:12345
NSE: [ssh-brute] Trying username/password pair: netadmin:12345
NSE: [ssh-brute] Trying username/password pair: guest:12345
NSE: [ssh-brute] Trying username/password pair: user:12345
NSE: [ssh-brute] Trying username/password pair: web:12345
NSE: [ssh-brute] Trying username/password pair: test:12345
NSE: [ssh-brute] Trying username/password pair: root:123456789
NSE: [ssh-brute] Trying username/password pair: admin:123456789
NSE: [ssh-brute] Trying username/password pair: administrator:123456789
NSE: [ssh-brute] Trying username/password pair: webadmin:123456789
NSE: [ssh-brute] Trying username/password pair: sysadmin:123456789
NSE: [ssh-brute] Trying username/password pair: netadmin:123456789
NSE: [ssh-brute] Trying username/password pair: guest:123456789
NSE: [ssh-brute] Trying username/password pair: user:123456789
NSE: [ssh-brute] Trying username/password pair: web:123456789
NSE: [ssh-brute] Trying username/password pair: test:123456789
NSE: [ssh-brute] Trying username/password pair: root:password
NSE: [ssh-brute] Trying username/password pair: admin:password
NSE: [ssh-brute] Trying username/password pair: administrator:password
NSE: [ssh-brute] Trying username/password pair: webadmin:password
NSE: [ssh-brute] Trying username/password pair: sysadmin:password
NSE: [ssh-brute] Trying username/password pair: netadmin:password
NSE: [ssh-brute] Trying username/password pair: guest:password
NSE: [ssh-brute] Trying username/password pair: user:password
NSE: [ssh-brute] Trying username/password pair: web:password
NSE: [ssh-brute] Trying username/password pair: test:password
NSE: [ssh-brute] Trying username/password pair: root:iloveyou
NSE: [ssh-brute] Trying username/password pair: admin:iloveyou
NSE: [ssh-brute] Trying username/password pair: administrator:iloveyou
NSE: [ssh-brute] Trying username/password pair: webadmin:iloveyou
NSE: [ssh-brute] Trying username/password pair: sysadmin:iloveyou
NSE: [ssh-brute] Trying username/password pair: netadmin:iloveyou
NSE: [ssh-brute] Trying username/password pair: guest:iloveyou
NSE: [ssh-brute] Trying username/password pair: user:iloveyou
NSE: [ssh-brute] Trying username/password pair: web:iloveyou
NSE: [ssh-brute] Trying username/password pair: test:iloveyou
NSE: [ssh-brute] Trying username/password pair: root:princess
NSE: [ssh-brute] Trying username/password pair: admin:princess
NSE: [ssh-brute] Trying username/password pair: administrator:princess
NSE: [ssh-brute] Trying username/password pair: webadmin:princess
NSE: [ssh-brute] Trying username/password pair: sysadmin:princess
NSE: [ssh-brute] Trying username/password pair: netadmin:princess
NSE: [ssh-brute] Trying username/password pair: guest:princess
NSE: [ssh-brute] Trying username/password pair: user:princess
NSE: [ssh-brute] Trying username/password pair: web:princess
NSE: [ssh-brute] Trying username/password pair: test:princess
NSE: [ssh-brute] Trying username/password pair: root:12345678
NSE: [ssh-brute] Trying username/password pair: admin:12345678
NSE: [ssh-brute] Trying username/password pair: administrator:12345678
NSE: [ssh-brute] Trying username/password pair: webadmin:12345678
NSE: [ssh-brute] Trying username/password pair: sysadmin:12345678
NSE: [ssh-brute] Trying username/password pair: netadmin:12345678
NSE: [ssh-brute] Trying username/password pair: guest:12345678
NSE: [ssh-brute] Trying username/password pair: user:12345678
NSE: [ssh-brute] Trying username/password pair: web:12345678
NSE: [ssh-brute] Trying username/password pair: test:12345678
NSE: [ssh-brute] Trying username/password pair: root:1234567
NSE: [ssh-brute] Trying username/password pair: admin:1234567
NSE: [ssh-brute] Trying username/password pair: administrator:1234567
NSE: [ssh-brute] Trying username/password pair: webadmin:1234567
NSE: [ssh-brute] Trying username/password pair: sysadmin:1234567
NSE: [ssh-brute] Trying username/password pair: netadmin:1234567
NSE: [ssh-brute] Trying username/password pair: guest:1234567
NSE: [ssh-brute] Trying username/password pair: user:1234567
NSE: [ssh-brute] Trying username/password pair: web:1234567
NSE: [ssh-brute] Trying username/password pair: test:1234567
NSE: [ssh-brute] Trying username/password pair: root:abc123
NSE: [ssh-brute] Trying username/password pair: admin:abc123
NSE: [ssh-brute] Trying username/password pair: administrator:abc123
NSE: [ssh-brute] Trying username/password pair: webadmin:abc123
NSE: [ssh-brute] Trying username/password pair: sysadmin:abc123
NSE: [ssh-brute] Trying username/password pair: netadmin:abc123
NSE: [ssh-brute] Trying username/password pair: guest:abc123
NSE: [ssh-brute] Trying username/password pair: user:abc123
NSE: [ssh-brute] Trying username/password pair: web:abc123
NSE: [ssh-brute] Trying username/password pair: test:abc123
NSE: [ssh-brute] Trying username/password pair: root:nicole
NSE: [ssh-brute] Trying username/password pair: admin:nicole
NSE: [ssh-brute] Trying username/password pair: administrator:nicole
NSE: [ssh-brute] Trying username/password pair: webadmin:nicole
NSE: [ssh-brute] Trying username/password pair: sysadmin:nicole
NSE: [ssh-brute] Trying username/password pair: netadmin:nicole
NSE: [ssh-brute] Trying username/password pair: guest:nicole
NSE: [ssh-brute] Trying username/password pair: user:nicole
NSE: [ssh-brute] Trying username/password pair: web:nicole
NSE: [ssh-brute] Trying username/password pair: test:nicole
NSE: [ssh-brute] Trying username/password pair: root:daniel
NSE: [ssh-brute] Trying username/password pair: admin:daniel
NSE: [ssh-brute] Trying username/password pair: administrator:daniel
NSE: [ssh-brute] Trying username/password pair: webadmin:daniel
NSE: [ssh-brute] Trying username/password pair: sysadmin:daniel
NSE: [ssh-brute] Trying username/password pair: netadmin:daniel
NSE: [ssh-brute] Trying username/password pair: guest:daniel
NSE: [ssh-brute] Trying username/password pair: user:daniel
NSE: [ssh-brute] Trying username/password pair: web:daniel
NSE: [ssh-brute] Trying username/password pair: test:daniel
NSE: [ssh-brute] Trying username/password pair: root:monkey
NSE: [ssh-brute] Trying username/password pair: admin:monkey
NSE: [ssh-brute] Trying username/password pair: administrator:monkey
NSE: [ssh-brute] Trying username/password pair: webadmin:monkey
NSE: [ssh-brute] Trying username/password pair: sysadmin:monkey
NSE: [ssh-brute] Trying username/password pair: netadmin:monkey
NSE: [ssh-brute] Trying username/password pair: guest:monkey
NSE: [ssh-brute] Trying username/password pair: user:monkey
NSE: [ssh-brute] Trying username/password pair: web:monkey
NSE: [ssh-brute] Trying username/password pair: test:monkey
NSE: [ssh-brute] Trying username/password pair: root:babygirl
NSE: [ssh-brute] Trying username/password pair: admin:babygirl
NSE: [ssh-brute] Trying username/password pair: administrator:babygirl
NSE: [ssh-brute] Trying username/password pair: webadmin:babygirl
NSE: [ssh-brute] Trying username/password pair: sysadmin:babygirl
NSE: [ssh-brute] Trying username/password pair: netadmin:babygirl
NSE: [ssh-brute] Trying username/password pair: guest:babygirl
NSE: [ssh-brute] Trying username/password pair: user:babygirl
NSE: [ssh-brute] Trying username/password pair: web:babygirl
NSE: [ssh-brute] Trying username/password pair: test:babygirl
NSE: [ssh-brute] Trying username/password pair: root:qwerty
NSE: [ssh-brute] Trying username/password pair: admin:qwerty
NSE: [ssh-brute] Trying username/password pair: administrator:qwerty
NSE: [ssh-brute] Trying username/password pair: webadmin:qwerty
NSE: [ssh-brute] Trying username/password pair: sysadmin:qwerty
NSE: [ssh-brute] Trying username/password pair: netadmin:qwerty
NSE: [ssh-brute] Trying username/password pair: guest:qwerty
NSE: [ssh-brute] Trying username/password pair: user:qwerty
NSE: [ssh-brute] Trying username/password pair: web:qwerty
NSE: [ssh-brute] Trying username/password pair: test:qwerty
NSE: [ssh-brute] Trying username/password pair: root:lovely
NSE: [ssh-brute] Trying username/password pair: admin:lovely
NSE: [ssh-brute] Trying username/password pair: administrator:lovely
NSE: [ssh-brute] Trying username/password pair: webadmin:lovely
NSE: [ssh-brute] Trying username/password pair: sysadmin:lovely
NSE: [ssh-brute] Trying username/password pair: netadmin:lovely
NSE: [ssh-brute] Trying username/password pair: guest:lovely
NSE: [ssh-brute] Trying username/password pair: user:lovely
NSE: [ssh-brute] Trying username/password pair: web:lovely
NSE: [ssh-brute] Trying username/password pair: test:lovely
NSE: [ssh-brute] Trying username/password pair: root:654321
NSE: [ssh-brute] Trying username/password pair: admin:654321
NSE: [ssh-brute] Trying username/password pair: administrator:654321
NSE: [ssh-brute] Trying username/password pair: webadmin:654321
NSE: [ssh-brute] Trying username/password pair: sysadmin:654321
NSE: [ssh-brute] Trying username/password pair: netadmin:654321
NSE: [ssh-brute] Trying username/password pair: guest:654321
NSE: [ssh-brute] Trying username/password pair: user:654321
NSE: [ssh-brute] Trying username/password pair: web:654321
NSE: [ssh-brute] Trying username/password pair: test:654321
NSE: [ssh-brute] Trying username/password pair: root:michael
NSE: [ssh-brute] Trying username/password pair: admin:michael
NSE: [ssh-brute] Trying username/password pair: administrator:michael
NSE: [ssh-brute] Trying username/password pair: webadmin:michael
NSE: [ssh-brute] Trying username/password pair: sysadmin:michael
NSE: [ssh-brute] Trying username/password pair: netadmin:michael
NSE: [ssh-brute] Trying username/password pair: guest:michael
NSE: [ssh-brute] Trying username/password pair: user:michael
NSE: [ssh-brute] Trying username/password pair: web:michael
NSE: [ssh-brute] Trying username/password pair: test:michael
NSE: [ssh-brute] Trying username/password pair: root:jessica
NSE: [ssh-brute] Trying username/password pair: admin:jessica
NSE: [ssh-brute] Trying username/password pair: administrator:jessica
NSE: [ssh-brute] Trying username/password pair: webadmin:jessica
NSE: [ssh-brute] Trying username/password pair: sysadmin:jessica
NSE: [ssh-brute] Trying username/password pair: netadmin:jessica
NSE: [ssh-brute] Trying username/password pair: guest:jessica
NSE: [ssh-brute] Trying username/password pair: user:jessica
NSE: [ssh-brute] Trying username/password pair: web:jessica
NSE: [ssh-brute] Trying username/password pair: test:jessica
NSE: [ssh-brute] Trying username/password pair: root:111111
NSE: [ssh-brute] Trying username/password pair: admin:111111
NSE: [ssh-brute] Trying username/password pair: administrator:111111
NSE: [ssh-brute] Trying username/password pair: webadmin:111111
NSE: [ssh-brute] Trying username/password pair: sysadmin:111111
NSE: [ssh-brute] Trying username/password pair: netadmin:111111
NSE: [ssh-brute] Trying username/password pair: guest:111111
NSE: [ssh-brute] Trying username/password pair: user:111111
NSE: [ssh-brute] Trying username/password pair: web:111111
NSE: [ssh-brute] Trying username/password pair: test:111111
NSE: [ssh-brute] Trying username/password pair: root:ashley
NSE: [ssh-brute] Trying username/password pair: admin:ashley
NSE: [ssh-brute] Trying username/password pair: administrator:ashley
NSE: [ssh-brute] Trying username/password pair: webadmin:ashley
NSE: [ssh-brute] Trying username/password pair: sysadmin:ashley
NSE: [ssh-brute] Trying username/password pair: netadmin:ashley
NSE: [ssh-brute] Trying username/password pair: guest:ashley
NSE: [ssh-brute] Trying username/password pair: user:ashley
NSE: [ssh-brute] Trying username/password pair: web:ashley
NSE: [ssh-brute] Trying username/password pair: test:ashley
NSE: [ssh-brute] Trying username/password pair: root:000000
NSE: [ssh-brute] Trying username/password pair: admin:000000
NSE: [ssh-brute] Trying username/password pair: administrator:000000
NSE: [ssh-brute] Trying username/password pair: webadmin:000000
NSE: [ssh-brute] Trying username/password pair: sysadmin:000000
NSE: [ssh-brute] Trying username/password pair: netadmin:000000
NSE: [ssh-brute] Trying username/password pair: guest:000000
NSE: [ssh-brute] Trying username/password pair: user:000000
NSE: [ssh-brute] Trying username/password pair: web:000000
NSE: [ssh-brute] Trying username/password pair: test:000000
NSE: [ssh-brute] Trying username/password pair: root:iloveu
NSE: [ssh-brute] Trying username/password pair: admin:iloveu
NSE: [ssh-brute] Trying username/password pair: administrator:iloveu
NSE: [ssh-brute] Trying username/password pair: webadmin:iloveu
NSE: [ssh-brute] Trying username/password pair: sysadmin:iloveu
NSE: [ssh-brute] Trying username/password pair: netadmin:iloveu
NSE: [ssh-brute] Trying username/password pair: guest:iloveu
NSE: [ssh-brute] Trying username/password pair: user:iloveu
NSE: [ssh-brute] Trying username/password pair: web:iloveu
NSE: [ssh-brute] Trying username/password pair: test:iloveu
NSE: [ssh-brute] Trying username/password pair: root:michelle
NSE: [ssh-brute] Trying username/password pair: admin:michelle
NSE: [ssh-brute] Trying username/password pair: administrator:michelle
NSE: [ssh-brute] Trying username/password pair: webadmin:michelle
NSE: [ssh-brute] Trying username/password pair: sysadmin:michelle
NSE: [ssh-brute] Trying username/password pair: netadmin:michelle
NSE: [ssh-brute] Trying username/password pair: guest:michelle
NSE: [ssh-brute] Trying username/password pair: user:michelle
NSE: [ssh-brute] Trying username/password pair: web:michelle
NSE: [ssh-brute] Trying username/password pair: test:michelle
NSE: [ssh-brute] Trying username/password pair: root:tigger
NSE: [ssh-brute] Trying username/password pair: admin:tigger
NSE: [ssh-brute] Trying username/password pair: administrator:tigger
NSE: [ssh-brute] Trying username/password pair: webadmin:tigger
NSE: [ssh-brute] Trying username/password pair: sysadmin:tigger
NSE: [ssh-brute] Trying username/password pair: netadmin:tigger
NSE: [ssh-brute] Trying username/password pair: guest:tigger
NSE: [ssh-brute] Trying username/password pair: user:tigger
NSE: [ssh-brute] Trying username/password pair: web:tigger
NSE: [ssh-brute] Trying username/password pair: test:tigger
NSE: [ssh-brute] Trying username/password pair: root:sunshine
NSE: [ssh-brute] Trying username/password pair: admin:sunshine
NSE: [ssh-brute] Trying username/password pair: administrator:sunshine
NSE: [ssh-brute] Trying username/password pair: webadmin:sunshine
NSE: [ssh-brute] Trying username/password pair: sysadmin:sunshine
NSE: [ssh-brute] Trying username/password pair: netadmin:sunshine
NSE: [ssh-brute] Trying username/password pair: guest:sunshine
NSE: [ssh-brute] Trying username/password pair: user:sunshine
NSE: [ssh-brute] Trying username/password pair: web:sunshine
NSE: [ssh-brute] Trying username/password pair: test:sunshine
NSE: [ssh-brute] Trying username/password pair: root:chocolate
NSE: [ssh-brute] Trying username/password pair: admin:chocolate
NSE: [ssh-brute] Trying username/password pair: administrator:chocolate
NSE: [ssh-brute] Trying username/password pair: webadmin:chocolate
NSE: [ssh-brute] Trying username/password pair: sysadmin:chocolate
NSE: [ssh-brute] Trying username/password pair: netadmin:chocolate
NSE: [ssh-brute] Trying username/password pair: guest:chocolate
NSE: [ssh-brute] Trying username/password pair: user:chocolate
NSE: [ssh-brute] Trying username/password pair: web:chocolate
NSE: [ssh-brute] Trying username/password pair: test:chocolate
NSE: [ssh-brute] Trying username/password pair: root:password1
NSE: [ssh-brute] Trying username/password pair: admin:password1
NSE: [ssh-brute] Trying username/password pair: administrator:password1
NSE: [ssh-brute] Trying username/password pair: webadmin:password1
NSE: [ssh-brute] Trying username/password pair: sysadmin:password1
NSE: [ssh-brute] Trying username/password pair: netadmin:password1
NSE: [ssh-brute] Trying username/password pair: guest:password1
NSE: [ssh-brute] Trying username/password pair: user:password1
NSE: [ssh-brute] Trying username/password pair: web:password1
NSE: [ssh-brute] Trying username/password pair: test:password1
NSE: [ssh-brute] Trying username/password pair: root:soccer
NSE: [ssh-brute] Trying username/password pair: admin:soccer
NSE: [ssh-brute] Trying username/password pair: administrator:soccer
NSE: [ssh-brute] Trying username/password pair: webadmin:soccer
NSE: [ssh-brute] Trying username/password pair: sysadmin:soccer
NSE: [ssh-brute] Trying username/password pair: netadmin:soccer
NSE: [ssh-brute] Trying username/password pair: guest:soccer
NSE: [ssh-brute] Trying username/password pair: user:soccer
NSE: [ssh-brute] Trying username/password pair: web:soccer
NSE: [ssh-brute] Trying username/password pair: test:soccer
NSE: [ssh-brute] Trying username/password pair: root:anthony
NSE: [ssh-brute] Trying username/password pair: admin:anthony
NSE: [ssh-brute] Trying username/password pair: administrator:anthony
NSE: [ssh-brute] Trying username/password pair: webadmin:anthony
NSE: [ssh-brute] Trying username/password pair: sysadmin:anthony
NSE: [ssh-brute] Trying username/password pair: netadmin:anthony
NSE: [ssh-brute] Trying username/password pair: guest:anthony
NSE: [ssh-brute] Trying username/password pair: user:anthony
NSE: [ssh-brute] Trying username/password pair: web:anthony
NSE: [ssh-brute] Trying username/password pair: test:anthony
NSE: [ssh-brute] Trying username/password pair: root:friends
NSE: [ssh-brute] Trying username/password pair: admin:friends
NSE: [ssh-brute] Trying username/password pair: administrator:friends
NSE: [ssh-brute] Trying username/password pair: webadmin:friends
NSE: [ssh-brute] Trying username/password pair: sysadmin:friends
NSE: [ssh-brute] Trying username/password pair: netadmin:friends
NSE: [ssh-brute] Trying username/password pair: guest:friends
NSE: [ssh-brute] Trying username/password pair: user:friends
NSE: [ssh-brute] Trying username/password pair: web:friends
NSE: [ssh-brute] Trying username/password pair: test:friends
NSE: [ssh-brute] Trying username/password pair: root:purple
NSE: [ssh-brute] Trying username/password pair: admin:purple
NSE: [ssh-brute] Trying username/password pair: administrator:purple
NSE: [ssh-brute] Trying username/password pair: webadmin:purple
NSE: [ssh-brute] Trying username/password pair: sysadmin:purple
NSE: [ssh-brute] Trying username/password pair: netadmin:purple
NSE: [ssh-brute] Trying username/password pair: guest:purple
NSE: [ssh-brute] Trying username/password pair: user:purple
NSE: [ssh-brute] Trying username/password pair: web:purple
NSE: [ssh-brute] Trying username/password pair: test:purple
NSE: [ssh-brute] Trying username/password pair: root:angel
NSE: [ssh-brute] Trying username/password pair: admin:angel
NSE: [ssh-brute] Trying username/password pair: administrator:angel
NSE: [ssh-brute] Trying username/password pair: webadmin:angel
NSE: [ssh-brute] Trying username/password pair: sysadmin:angel
NSE: [ssh-brute] Trying username/password pair: netadmin:angel
NSE: [ssh-brute] Trying username/password pair: guest:angel
NSE: [ssh-brute] Trying username/password pair: user:angel
NSE: [ssh-brute] Trying username/password pair: web:angel
NSE: [ssh-brute] Trying username/password pair: test:angel
NSE: [ssh-brute] Trying username/password pair: root:butterfly
NSE: [ssh-brute] Trying username/password pair: admin:butterfly
NSE: [ssh-brute] Trying username/password pair: administrator:butterfly
NSE: [ssh-brute] Trying username/password pair: webadmin:butterfly
NSE: [ssh-brute] Trying username/password pair: sysadmin:butterfly
NSE: [ssh-brute] Trying username/password pair: netadmin:butterfly
NSE: [ssh-brute] Trying username/password pair: guest:butterfly
NSE: [ssh-brute] Trying username/password pair: user:butterfly
NSE: [ssh-brute] Trying username/password pair: web:butterfly
NSE: [ssh-brute] Trying username/password pair: test:butterfly
NSE: [ssh-brute] Trying username/password pair: root:jordan
NSE: [ssh-brute] Trying username/password pair: admin:jordan
NSE: [ssh-brute] Trying username/password pair: administrator:jordan
NSE: [ssh-brute] Trying username/password pair: webadmin:jordan
NSE: [ssh-brute] Trying username/password pair: sysadmin:jordan
NSE: [ssh-brute] Trying username/password pair: netadmin:jordan
NSE: [ssh-brute] Trying username/password pair: guest:jordan
NSE: [ssh-brute] Trying username/password pair: user:jordan
NSE: [ssh-brute] Trying username/password pair: web:jordan
NSE: [ssh-brute] Trying username/password pair: test:jordan
NSE: [ssh-brute] Trying username/password pair: root:fuckyou
NSE: [ssh-brute] Trying username/password pair: admin:fuckyou
NSE: [ssh-brute] Trying username/password pair: administrator:fuckyou
NSE: [ssh-brute] Trying username/password pair: webadmin:fuckyou
NSE: [ssh-brute] Trying username/password pair: sysadmin:fuckyou
NSE: [ssh-brute] Trying username/password pair: netadmin:fuckyou
NSE: [ssh-brute] Trying username/password pair: guest:fuckyou
NSE: [ssh-brute] Trying username/password pair: user:fuckyou
NSE: [ssh-brute] Trying username/password pair: web:fuckyou
NSE: [ssh-brute] Trying username/password pair: test:fuckyou
NSE: [ssh-brute] Trying username/password pair: root:123123
NSE: [ssh-brute] Trying username/password pair: admin:123123
NSE: [ssh-brute] Trying username/password pair: administrator:123123
NSE: [ssh-brute] Trying username/password pair: webadmin:123123
NSE: [ssh-brute] Trying username/password pair: sysadmin:123123
NSE: [ssh-brute] Trying username/password pair: netadmin:123123
NSE: [ssh-brute] Trying username/password pair: guest:123123
NSE: [ssh-brute] Trying username/password pair: user:123123
NSE: [ssh-brute] Trying username/password pair: web:123123
NSE: [ssh-brute] Trying username/password pair: test:123123
NSE: [ssh-brute] Trying username/password pair: root:justin
NSE: [ssh-brute] Trying username/password pair: admin:justin
NSE: [ssh-brute] Trying username/password pair: administrator:justin
NSE: [ssh-brute] Trying username/password pair: webadmin:justin
NSE: [ssh-brute] Trying username/password pair: sysadmin:justin
NSE: [ssh-brute] Trying username/password pair: netadmin:justin
NSE: [ssh-brute] Trying username/password pair: guest:justin
NSE: [ssh-brute] Trying username/password pair: user:justin
NSE: [ssh-brute] Trying username/password pair: web:justin
NSE: [ssh-brute] Trying username/password pair: test:justin
NSE: [ssh-brute] Trying username/password pair: root:liverpool
NSE: [ssh-brute] Trying username/password pair: admin:liverpool
NSE: [ssh-brute] Trying username/password pair: administrator:liverpool
NSE: [ssh-brute] Trying username/password pair: webadmin:liverpool
NSE: [ssh-brute] Trying username/password pair: sysadmin:liverpool
NSE: [ssh-brute] Trying username/password pair: netadmin:liverpool
NSE: [ssh-brute] Trying username/password pair: guest:liverpool
NSE: [ssh-brute] Trying username/password pair: user:liverpool
NSE: [ssh-brute] Trying username/password pair: web:liverpool
NSE: [ssh-brute] Trying username/password pair: test:liverpool
NSE: [ssh-brute] Trying username/password pair: root:football
NSE: [ssh-brute] Trying username/password pair: admin:football
NSE: [ssh-brute] Trying username/password pair: administrator:football
NSE: [ssh-brute] Trying username/password pair: webadmin:football
NSE: [ssh-brute] Trying username/password pair: sysadmin:football
NSE: [ssh-brute] Trying username/password pair: netadmin:football
NSE: [ssh-brute] Trying username/password pair: guest:football
NSE: [ssh-brute] Trying username/password pair: user:football
NSE: [ssh-brute] Trying username/password pair: web:football
NSE: [ssh-brute] Trying username/password pair: test:football
NSE: [ssh-brute] Trying username/password pair: root:loveme
NSE: [ssh-brute] Trying username/password pair: admin:loveme
NSE: [ssh-brute] Trying username/password pair: administrator:loveme
NSE: [ssh-brute] Trying username/password pair: webadmin:loveme
NSE: [ssh-brute] Trying username/password pair: sysadmin:loveme
NSE: [ssh-brute] Trying username/password pair: netadmin:loveme
NSE: [ssh-brute] Trying username/password pair: guest:loveme
NSE: [ssh-brute] Trying username/password pair: user:loveme
NSE: [ssh-brute] Trying username/password pair: web:loveme
NSE: [ssh-brute] Trying username/password pair: test:loveme
NSE: [ssh-brute] Trying username/password pair: root:secret
NSE: [ssh-brute] Trying username/password pair: admin:secret
NSE: [ssh-brute] Trying username/password pair: administrator:secret
NSE: [ssh-brute] Trying username/password pair: webadmin:secret
NSE: [ssh-brute] Trying username/password pair: sysadmin:secret
NSE: [ssh-brute] Trying username/password pair: netadmin:secret
NSE: [ssh-brute] Trying username/password pair: guest:secret
NSE: [ssh-brute] Trying username/password pair: user:secret
NSE: [ssh-brute] Trying username/password pair: web:secret
NSE: [ssh-brute] Trying username/password pair: test:secret
NSE: [ssh-brute] Trying username/password pair: root:andrea
NSE: [ssh-brute] Trying username/password pair: admin:andrea
NSE: [ssh-brute] Trying username/password pair: administrator:andrea
NSE: [ssh-brute] Trying username/password pair: webadmin:andrea
NSE: [ssh-brute] Trying username/password pair: sysadmin:andrea
NSE: [ssh-brute] Trying username/password pair: netadmin:andrea
NSE: [ssh-brute] Trying username/password pair: guest:andrea
NSE: [ssh-brute] Trying username/password pair: user:andrea
NSE: [ssh-brute] Trying username/password pair: web:andrea
NSE: [ssh-brute] Trying username/password pair: test:andrea
NSE: [ssh-brute] Trying username/password pair: root:jennifer
NSE: [ssh-brute] Trying username/password pair: admin:jennifer
NSE: [ssh-brute] Trying username/password pair: administrator:jennifer
NSE: [ssh-brute] Trying username/password pair: webadmin:jennifer
NSE: [ssh-brute] Trying username/password pair: sysadmin:jennifer
NSE: [ssh-brute] Trying username/password pair: netadmin:jennifer
NSE: [ssh-brute] Trying username/password pair: guest:jennifer
NSE: [ssh-brute] Trying username/password pair: user:jennifer
NSE: [ssh-brute] Trying username/password pair: web:jennifer
NSE: [ssh-brute] Trying username/password pair: test:jennifer
NSE: [ssh-brute] Trying username/password pair: root:joshua
NSE: [ssh-brute] Trying username/password pair: admin:joshua
NSE: [ssh-brute] Trying username/password pair: administrator:joshua
NSE: [ssh-brute] Trying username/password pair: webadmin:joshua
NSE: [ssh-brute] Trying username/password pair: sysadmin:joshua
NSE: [ssh-brute] Trying username/password pair: netadmin:joshua
NSE: [ssh-brute] Trying username/password pair: guest:joshua
NSE: [ssh-brute] Trying username/password pair: user:joshua
NSE: [ssh-brute] Trying username/password pair: web:joshua
NSE: [ssh-brute] Trying username/password pair: test:joshua
NSE: [ssh-brute] Trying username/password pair: root:carlos
NSE: [ssh-brute] Trying username/password pair: admin:carlos
NSE: [ssh-brute] Trying username/password pair: administrator:carlos
NSE: [ssh-brute] Trying username/password pair: webadmin:carlos
NSE: [ssh-brute] Trying username/password pair: sysadmin:carlos
NSE: [ssh-brute] Trying username/password pair: netadmin:carlos
NSE: [ssh-brute] Trying username/password pair: guest:carlos
NSE: [ssh-brute] Trying username/password pair: user:carlos
NSE: [ssh-brute] Trying username/password pair: web:carlos
NSE: [ssh-brute] Trying username/password pair: test:carlos
NSE: [ssh-brute] Trying username/password pair: root:superman
NSE: [ssh-brute] Trying username/password pair: admin:superman
NSE: [ssh-brute] Trying username/password pair: administrator:superman
NSE: [ssh-brute] Trying username/password pair: webadmin:superman
NSE: [ssh-brute] Trying username/password pair: sysadmin:superman
NSE: [ssh-brute] Trying username/password pair: netadmin:superman
NSE: [ssh-brute] Trying username/password pair: guest:superman
NSE: [ssh-brute] Trying username/password pair: user:superman
NSE: [ssh-brute] Trying username/password pair: web:superman
NSE: [ssh-brute] Trying username/password pair: test:superman
NSE: [ssh-brute] Trying username/password pair: root:bubbles
NSE: [ssh-brute] Trying username/password pair: admin:bubbles
NSE: [ssh-brute] Trying username/password pair: administrator:bubbles
NSE: [ssh-brute] Trying username/password pair: webadmin:bubbles
NSE: [ssh-brute] Trying username/password pair: sysadmin:bubbles
NSE: [ssh-brute] Trying username/password pair: netadmin:bubbles
NSE: [ssh-brute] Trying username/password pair: guest:bubbles
NSE: [ssh-brute] Trying username/password pair: user:bubbles
NSE: [ssh-brute] Trying username/password pair: web:bubbles
NSE: [ssh-brute] Trying username/password pair: test:bubbles
NSE: [ssh-brute] Trying username/password pair: root:hannah
NSE: [ssh-brute] Trying username/password pair: admin:hannah
NSE: [ssh-brute] Trying username/password pair: administrator:hannah
NSE: [ssh-brute] Trying username/password pair: webadmin:hannah
NSE: [ssh-brute] Trying username/password pair: sysadmin:hannah
NSE: [ssh-brute] Trying username/password pair: netadmin:hannah
NSE: [ssh-brute] Trying username/password pair: guest:hannah
NSE: [ssh-brute] Trying username/password pair: user:hannah
NSE: [ssh-brute] Trying username/password pair: web:hannah
NSE: [ssh-brute] Trying username/password pair: test:hannah
NSE: [ssh-brute] Trying username/password pair: root:1234567890
NSE: [ssh-brute] Trying username/password pair: admin:1234567890
NSE: [ssh-brute] Trying username/password pair: administrator:1234567890
NSE: [ssh-brute] Trying username/password pair: webadmin:1234567890
NSE: [ssh-brute] Trying username/password pair: sysadmin:1234567890
NSE: [ssh-brute] Trying username/password pair: netadmin:1234567890
NSE: [ssh-brute] Trying username/password pair: guest:1234567890
NSE: [ssh-brute] Trying username/password pair: user:1234567890
NSE: [ssh-brute] Trying username/password pair: web:1234567890
NSE: [ssh-brute] Trying username/password pair: test:1234567890
NSE: [ssh-brute] Trying username/password pair: root:amanda
NSE: [ssh-brute] Trying username/password pair: admin:amanda
NSE: [ssh-brute] Trying username/password pair: administrator:amanda
NSE: [ssh-brute] Trying username/password pair: webadmin:amanda
NSE: [ssh-brute] Trying username/password pair: sysadmin:amanda
NSE: [ssh-brute] Trying username/password pair: netadmin:amanda
NSE: [ssh-brute] Trying username/password pair: guest:amanda
NSE: [ssh-brute] Trying username/password pair: user:amanda
NSE: [ssh-brute] Trying username/password pair: web:amanda
NSE: [ssh-brute] Trying username/password pair: test:amanda
NSE: [ssh-brute] Trying username/password pair: root:andrew
NSE: [ssh-brute] Trying username/password pair: admin:andrew
NSE: [ssh-brute] Trying username/password pair: administrator:andrew
NSE: [ssh-brute] Trying username/password pair: webadmin:andrew
NSE: [ssh-brute] Trying username/password pair: sysadmin:andrew
NSE: [ssh-brute] Trying username/password pair: netadmin:andrew
NSE: [ssh-brute] Trying username/password pair: guest:andrew
NSE: [ssh-brute] Trying username/password pair: user:andrew
NSE: [ssh-brute] Trying username/password pair: web:andrew
NSE: [ssh-brute] Trying username/password pair: test:andrew
NSE: [ssh-brute] Trying username/password pair: root:loveyou
NSE: [ssh-brute] Trying username/password pair: admin:loveyou
NSE: [ssh-brute] Trying username/password pair: administrator:loveyou
NSE: [ssh-brute] Trying username/password pair: webadmin:loveyou
NSE: [ssh-brute] Trying username/password pair: sysadmin:loveyou
NSE: [ssh-brute] Trying username/password pair: netadmin:loveyou
NSE: [ssh-brute] Trying username/password pair: guest:loveyou
NSE: [ssh-brute] Trying username/password pair: user:loveyou
NSE: [ssh-brute] Trying username/password pair: web:loveyou
NSE: [ssh-brute] Trying username/password pair: test:loveyou
NSE: [ssh-brute] Trying username/password pair: root:pretty
NSE: [ssh-brute] Trying username/password pair: admin:pretty
NSE: [ssh-brute] Trying username/password pair: administrator:pretty
NSE: [ssh-brute] Trying username/password pair: webadmin:pretty
NSE: [ssh-brute] Trying username/password pair: sysadmin:pretty
NSE: [ssh-brute] Trying username/password pair: netadmin:pretty
NSE: [ssh-brute] Trying username/password pair: guest:pretty
NSE: [ssh-brute] Trying username/password pair: user:pretty
NSE: [ssh-brute] Trying username/password pair: web:pretty
NSE: [ssh-brute] Trying username/password pair: test:pretty
NSE: [ssh-brute] Trying username/password pair: root:basketball
NSE: [ssh-brute] Trying username/password pair: admin:basketball
NSE: [ssh-brute] Trying username/password pair: administrator:basketball
NSE: [ssh-brute] Trying username/password pair: webadmin:basketball
NSE: [ssh-brute] Trying username/password pair: sysadmin:basketball
NSE: [ssh-brute] Trying username/password pair: netadmin:basketball
NSE: [ssh-brute] Trying username/password pair: guest:basketball
NSE: [ssh-brute] Trying username/password pair: user:basketball
NSE: [ssh-brute] Trying username/password pair: web:basketball
NSE: [ssh-brute] Trying username/password pair: test:basketball
NSE: [ssh-brute] Trying username/password pair: root:angels
NSE: [ssh-brute] Trying username/password pair: admin:angels
NSE: [ssh-brute] Trying username/password pair: administrator:angels
NSE: [ssh-brute] Trying username/password pair: webadmin:angels
NSE: [ssh-brute] Trying username/password pair: sysadmin:angels
NSE: [ssh-brute] Trying username/password pair: netadmin:angels
NSE: [ssh-brute] Trying username/password pair: guest:angels
NSE: [ssh-brute] Trying username/password pair: user:angels
NSE: [ssh-brute] Trying username/password pair: web:angels
NSE: [ssh-brute] Trying username/password pair: test:angels
NSE: [ssh-brute] Trying username/password pair: root:flower
NSE: [ssh-brute] Trying username/password pair: admin:flower
NSE: [ssh-brute] Trying username/password pair: administrator:flower
NSE: [ssh-brute] Trying username/password pair: webadmin:flower
NSE: [ssh-brute] Trying username/password pair: sysadmin:flower
NSE: [ssh-brute] Trying username/password pair: netadmin:flower
NSE: [ssh-brute] Trying username/password pair: guest:flower
NSE: [ssh-brute] Trying username/password pair: user:flower
NSE: [ssh-brute] Trying username/password pair: web:flower
NSE: [ssh-brute] Trying username/password pair: test:flower
NSE: [ssh-brute] Trying username/password pair: root:tweety
NSE: [ssh-brute] Trying username/password pair: admin:tweety
NSE: [ssh-brute] Trying username/password pair: administrator:tweety
NSE: [ssh-brute] Trying username/password pair: webadmin:tweety
NSE: [ssh-brute] Trying username/password pair: sysadmin:tweety
NSE: [ssh-brute] Trying username/password pair: netadmin:tweety
NSE: [ssh-brute] Trying username/password pair: guest:tweety
NSE: [ssh-brute] Trying username/password pair: user:tweety
NSE: [ssh-brute] Trying username/password pair: web:tweety
NSE: [ssh-brute] Trying username/password pair: test:tweety
NSE: [ssh-brute] Trying username/password pair: root:hello
NSE: [ssh-brute] Trying username/password pair: admin:hello
NSE: [ssh-brute] Trying username/password pair: administrator:hello
NSE: [ssh-brute] Trying username/password pair: webadmin:hello
NSE: [ssh-brute] Trying username/password pair: sysadmin:hello
NSE: [ssh-brute] Trying username/password pair: netadmin:hello
NSE: [ssh-brute] Trying username/password pair: guest:hello
NSE: [ssh-brute] Trying username/password pair: user:hello
NSE: [ssh-brute] Trying username/password pair: web:hello
NSE: [ssh-brute] Trying username/password pair: test:hello
NSE: [ssh-brute] Trying username/password pair: root:playboy
NSE: [ssh-brute] Trying username/password pair: admin:playboy
NSE: [ssh-brute] Trying username/password pair: administrator:playboy
NSE: [ssh-brute] Trying username/password pair: webadmin:playboy
NSE: [ssh-brute] Trying username/password pair: sysadmin:playboy
NSE: [ssh-brute] Trying username/password pair: netadmin:playboy
NSE: [ssh-brute] Trying username/password pair: guest:playboy
NSE: [ssh-brute] Trying username/password pair: user:playboy
NSE: [ssh-brute] Trying username/password pair: web:playboy
NSE: [ssh-brute] Trying username/password pair: test:playboy
NSE: [ssh-brute] Trying username/password pair: root:charlie
NSE: [ssh-brute] Trying username/password pair: admin:charlie
NSE: [ssh-brute] Trying username/password pair: administrator:charlie
NSE: [ssh-brute] Trying username/password pair: webadmin:charlie
NSE: [ssh-brute] Trying username/password pair: sysadmin:charlie
NSE: [ssh-brute] Trying username/password pair: netadmin:charlie
NSE: [ssh-brute] Trying username/password pair: guest:charlie
NSE: [ssh-brute] Trying username/password pair: user:charlie
NSE: [ssh-brute] Trying username/password pair: web:charlie
NSE: [ssh-brute] Trying username/password pair: test:charlie
NSE: [ssh-brute] Trying username/password pair: root:elizabeth
NSE: [ssh-brute] Trying username/password pair: admin:elizabeth
NSE: [ssh-brute] Trying username/password pair: administrator:elizabeth
NSE: [ssh-brute] Trying username/password pair: webadmin:elizabeth
NSE: [ssh-brute] Trying username/password pair: sysadmin:elizabeth
NSE: [ssh-brute] Trying username/password pair: netadmin:elizabeth
NSE: [ssh-brute] Trying username/password pair: guest:elizabeth
NSE: [ssh-brute] Trying username/password pair: user:elizabeth
NSE: [ssh-brute] Trying username/password pair: web:elizabeth
NSE: [ssh-brute] Trying username/password pair: test:elizabeth
NSE: [ssh-brute] Trying username/password pair: root:samantha
NSE: [ssh-brute] Trying username/password pair: admin:samantha
NSE: [ssh-brute] Trying username/password pair: administrator:samantha
NSE: [ssh-brute] Trying username/password pair: webadmin:samantha
NSE: [ssh-brute] Trying username/password pair: sysadmin:samantha
NSE: [ssh-brute] Trying username/password pair: netadmin:samantha
NSE: [ssh-brute] Trying username/password pair: guest:samantha
NSE: [ssh-brute] Trying username/password pair: user:samantha
NSE: [ssh-brute] Trying username/password pair: web:samantha
NSE: [ssh-brute] Trying username/password pair: test:samantha
NSE: [ssh-brute] Trying username/password pair: root:hottie
NSE: [ssh-brute] Trying username/password pair: admin:hottie
NSE: [ssh-brute] Trying username/password pair: administrator:hottie
NSE: [ssh-brute] Trying username/password pair: webadmin:hottie
NSE: [ssh-brute] Trying username/password pair: sysadmin:hottie
NSE: [ssh-brute] Trying username/password pair: netadmin:hottie
NSE: [ssh-brute] Trying username/password pair: guest:hottie
NSE: [ssh-brute] Trying username/password pair: user:hottie
NSE: [ssh-brute] Trying username/password pair: web:hottie
NSE: [ssh-brute] Trying username/password pair: test:hottie
NSE: [ssh-brute] Trying username/password pair: root:chelsea
NSE: [ssh-brute] Trying username/password pair: admin:chelsea
NSE: [ssh-brute] Trying username/password pair: administrator:chelsea
NSE: [ssh-brute] Trying username/password pair: webadmin:chelsea
NSE: [ssh-brute] Trying username/password pair: sysadmin:chelsea
NSE: [ssh-brute] Trying username/password pair: netadmin:chelsea
NSE: [ssh-brute] Trying username/password pair: guest:chelsea
NSE: [ssh-brute] Trying username/password pair: user:chelsea
NSE: [ssh-brute] Trying username/password pair: web:chelsea
NSE: [ssh-brute] Trying username/password pair: test:chelsea
NSE: [ssh-brute] Trying username/password pair: root:tinkerbell
NSE: [ssh-brute] Trying username/password pair: admin:tinkerbell
NSE: [ssh-brute] Trying username/password pair: administrator:tinkerbell
NSE: [ssh-brute] Trying username/password pair: webadmin:tinkerbell
NSE: [ssh-brute] Trying username/password pair: sysadmin:tinkerbell
NSE: [ssh-brute] Trying username/password pair: netadmin:tinkerbell
NSE: [ssh-brute] Trying username/password pair: guest:tinkerbell
NSE: [ssh-brute] Trying username/password pair: user:tinkerbell
NSE: [ssh-brute] Trying username/password pair: web:tinkerbell
NSE: [ssh-brute] Trying username/password pair: test:tinkerbell
NSE: [ssh-brute] Trying username/password pair: root:shadow
NSE: [ssh-brute] Trying username/password pair: admin:shadow
NSE: [ssh-brute] Trying username/password pair: administrator:shadow
NSE: [ssh-brute] Trying username/password pair: webadmin:shadow
NSE: [ssh-brute] Trying username/password pair: sysadmin:shadow
NSE: [ssh-brute] Trying username/password pair: netadmin:shadow
NSE: [ssh-brute] Trying username/password pair: guest:shadow
NSE: [ssh-brute] Trying username/password pair: user:shadow
NSE: [ssh-brute] Trying username/password pair: web:shadow
NSE: [ssh-brute] Trying username/password pair: test:shadow
NSE: [ssh-brute] Trying username/password pair: root:barbie
NSE: [ssh-brute] Trying username/password pair: admin:barbie
NSE: [ssh-brute] Trying username/password pair: administrator:barbie
NSE: [ssh-brute] Trying username/password pair: webadmin:barbie
NSE: [ssh-brute] Trying username/password pair: sysadmin:barbie
NSE: [ssh-brute] Trying username/password pair: netadmin:barbie
NSE: [ssh-brute] Trying username/password pair: guest:barbie
NSE: [ssh-brute] Trying username/password pair: user:barbie
NSE: [ssh-brute] Trying username/password pair: web:barbie
NSE: [ssh-brute] Trying username/password pair: test:barbie
NSE: [ssh-brute] Trying username/password pair: root:666666
NSE: [ssh-brute] Trying username/password pair: admin:666666
NSE: [ssh-brute] Trying username/password pair: administrator:666666
NSE: [ssh-brute] Trying username/password pair: webadmin:666666
NSE: [ssh-brute] Trying username/password pair: sysadmin:666666
NSE: [ssh-brute] Trying username/password pair: netadmin:666666
NSE: [ssh-brute] Trying username/password pair: guest:666666
NSE: [ssh-brute] Trying username/password pair: user:666666
NSE: [ssh-brute] Trying username/password pair: web:666666
NSE: [ssh-brute] Trying username/password pair: test:666666
NSE: [ssh-brute] Trying username/password pair: root:jasmine
NSE: [ssh-brute] Trying username/password pair: admin:jasmine
NSE: [ssh-brute] Trying username/password pair: administrator:jasmine
NSE: [ssh-brute] Trying username/password pair: webadmin:jasmine
NSE: [ssh-brute] Trying username/password pair: sysadmin:jasmine
NSE: [ssh-brute] Trying username/password pair: netadmin:jasmine
NSE: [ssh-brute] Trying username/password pair: guest:jasmine
NSE: [ssh-brute] Trying username/password pair: user:jasmine
NSE: [ssh-brute] Trying username/password pair: web:jasmine
NSE: [ssh-brute] Trying username/password pair: test:jasmine
NSE: [ssh-brute] Trying username/password pair: root:lovers
NSE: [ssh-brute] Trying username/password pair: admin:lovers
NSE: [ssh-brute] Trying username/password pair: administrator:lovers
NSE: [ssh-brute] Trying username/password pair: webadmin:lovers
NSE: [ssh-brute] Trying username/password pair: sysadmin:lovers
NSE: [ssh-brute] Trying username/password pair: netadmin:lovers
NSE: [ssh-brute] Trying username/password pair: guest:lovers
NSE: [ssh-brute] Trying username/password pair: user:lovers
NSE: [ssh-brute] Trying username/password pair: web:lovers
NSE: [ssh-brute] Trying username/password pair: test:lovers
NSE: [ssh-brute] Trying username/password pair: root:brandon
NSE: [ssh-brute] Trying username/password pair: admin:brandon
NSE: [ssh-brute] Trying username/password pair: administrator:brandon
NSE: [ssh-brute] Trying username/password pair: webadmin:brandon
NSE: [ssh-brute] Trying username/password pair: sysadmin:brandon
NSE: [ssh-brute] Trying username/password pair: netadmin:brandon
NSE: [ssh-brute] Trying username/password pair: guest:brandon
NSE: [ssh-brute] Trying username/password pair: user:brandon
NSE: [ssh-brute] Trying username/password pair: web:brandon
NSE: [ssh-brute] Trying username/password pair: test:brandon
NSE: [ssh-brute] Trying username/password pair: root:teamo
NSE: [ssh-brute] Trying username/password pair: admin:teamo
NSE: [ssh-brute] Trying username/password pair: administrator:teamo
NSE: [ssh-brute] Trying username/password pair: webadmin:teamo
NSE: [ssh-brute] Trying username/password pair: sysadmin:teamo
NSE: [ssh-brute] Trying username/password pair: netadmin:teamo
NSE: [ssh-brute] Trying username/password pair: guest:teamo
NSE: [ssh-brute] Trying username/password pair: user:teamo
NSE: [ssh-brute] Trying username/password pair: web:teamo
NSE: [ssh-brute] Trying username/password pair: test:teamo
NSE: [ssh-brute] Trying username/password pair: root:matthew
NSE: [ssh-brute] Trying username/password pair: admin:matthew
NSE: [ssh-brute] Trying username/password pair: administrator:matthew
NSE: [ssh-brute] Trying username/password pair: webadmin:matthew
NSE: [ssh-brute] Trying username/password pair: sysadmin:matthew
NSE: [ssh-brute] Trying username/password pair: netadmin:matthew
NSE: [ssh-brute] Trying username/password pair: guest:matthew
NSE: [ssh-brute] Trying username/password pair: user:matthew
NSE: [ssh-brute] Trying username/password pair: web:matthew
NSE: [ssh-brute] Trying username/password pair: test:matthew
NSE: [ssh-brute] Trying username/password pair: root:melissa
NSE: [ssh-brute] Trying username/password pair: admin:melissa
NSE: [ssh-brute] Trying username/password pair: administrator:melissa
NSE: [ssh-brute] Trying username/password pair: webadmin:melissa
NSE: [ssh-brute] Trying username/password pair: sysadmin:melissa
NSE: [ssh-brute] Trying username/password pair: netadmin:melissa
NSE: [ssh-brute] Trying username/password pair: guest:melissa
NSE: [ssh-brute] Trying username/password pair: user:melissa
NSE: [ssh-brute] Trying username/password pair: web:melissa
NSE: [ssh-brute] Trying username/password pair: test:melissa
NSE: [ssh-brute] Trying username/password pair: root:eminem
NSE: [ssh-brute] Trying username/password pair: admin:eminem
NSE: [ssh-brute] Trying username/password pair: administrator:eminem
NSE: [ssh-brute] Trying username/password pair: webadmin:eminem
NSE: [ssh-brute] Trying username/password pair: sysadmin:eminem
NSE: [ssh-brute] Trying username/password pair: netadmin:eminem
NSE: [ssh-brute] Trying username/password pair: guest:eminem
NSE: [ssh-brute] Trying username/password pair: user:eminem
NSE: [ssh-brute] Trying username/password pair: web:eminem
NSE: [ssh-brute] Trying username/password pair: test:eminem
NSE: [ssh-brute] Trying username/password pair: root:robert
NSE: [ssh-brute] Trying username/password pair: admin:robert
NSE: [ssh-brute] Trying username/password pair: administrator:robert
NSE: [ssh-brute] Trying username/password pair: webadmin:robert
NSE: [ssh-brute] Trying username/password pair: sysadmin:robert
NSE: [ssh-brute] Trying username/password pair: netadmin:robert
NSE: [ssh-brute] Trying username/password pair: guest:robert
NSE: [ssh-brute] Trying username/password pair: user:robert
NSE: [ssh-brute] Trying username/password pair: web:robert
NSE: [ssh-brute] Trying username/password pair: test:robert
NSE: [ssh-brute] Trying username/password pair: root:danielle
NSE: [ssh-brute] Trying username/password pair: admin:danielle
NSE: [ssh-brute] Trying username/password pair: administrator:danielle
NSE: [ssh-brute] Trying username/password pair: webadmin:danielle
NSE: [ssh-brute] Trying username/password pair: sysadmin:danielle
NSE: [ssh-brute] Trying username/password pair: netadmin:danielle
NSE: [ssh-brute] Trying username/password pair: guest:danielle
NSE: [ssh-brute] Trying username/password pair: user:danielle
NSE: [ssh-brute] Trying username/password pair: web:danielle
NSE: [ssh-brute] Trying username/password pair: test:danielle
NSE: [ssh-brute] Trying username/password pair: root:forever
NSE: [ssh-brute] Trying username/password pair: admin:forever
NSE: [ssh-brute] Trying username/password pair: administrator:forever
NSE: [ssh-brute] Trying username/password pair: webadmin:forever
NSE: [ssh-brute] Trying username/password pair: sysadmin:forever
NSE: [ssh-brute] Trying username/password pair: netadmin:forever
NSE: [ssh-brute] Trying username/password pair: guest:forever
NSE: [ssh-brute] Trying username/password pair: user:forever
NSE: [ssh-brute] Trying username/password pair: web:forever
NSE: [ssh-brute] Trying username/password pair: test:forever
NSE: [ssh-brute] Trying username/password pair: root:dragon
NSE: [ssh-brute] Trying username/password pair: admin:dragon
NSE: [ssh-brute] Trying username/password pair: administrator:dragon
NSE: [ssh-brute] Trying username/password pair: webadmin:dragon
NSE: [ssh-brute] Trying username/password pair: sysadmin:dragon
NSE: [ssh-brute] Trying username/password pair: netadmin:dragon
NSE: [ssh-brute] Trying username/password pair: guest:dragon
NSE: [ssh-brute] Trying username/password pair: user:dragon
NSE: [ssh-brute] Trying username/password pair: web:dragon
NSE: [ssh-brute] Trying username/password pair: test:dragon
NSE: [ssh-brute] Trying username/password pair: root:computer
NSE: [ssh-brute] Trying username/password pair: admin:computer
NSE: [ssh-brute] Trying username/password pair: administrator:computer
NSE: [ssh-brute] Trying username/password pair: webadmin:computer
NSE: [ssh-brute] Trying username/password pair: sysadmin:computer
NSE: [ssh-brute] Trying username/password pair: netadmin:computer
NSE: [ssh-brute] Trying username/password pair: guest:computer
NSE: [ssh-brute] Trying username/password pair: user:computer
NSE: [ssh-brute] Trying username/password pair: web:computer
NSE: [ssh-brute] Trying username/password pair: test:computer
NSE: [ssh-brute] Trying username/password pair: root:whatever
NSE: [ssh-brute] Trying username/password pair: admin:whatever
NSE: [ssh-brute] Trying username/password pair: administrator:whatever
NSE: [ssh-brute] Trying username/password pair: webadmin:whatever
NSE: [ssh-brute] Trying username/password pair: sysadmin:whatever
NSE: [ssh-brute] Trying username/password pair: netadmin:whatever
NSE: [ssh-brute] Trying username/password pair: guest:whatever
NSE: [ssh-brute] Trying username/password pair: user:whatever
NSE: [ssh-brute] Trying username/password pair: web:whatever
NSE: [ssh-brute] Trying username/password pair: test:whatever
NSE: [ssh-brute] Trying username/password pair: root:family
NSE: [ssh-brute] Trying username/password pair: admin:family
NSE: [ssh-brute] Trying username/password pair: administrator:family
NSE: [ssh-brute] Trying username/password pair: webadmin:family
NSE: [ssh-brute] Trying username/password pair: sysadmin:family
NSE: [ssh-brute] Trying username/password pair: netadmin:family
NSE: [ssh-brute] Trying username/password pair: guest:family
NSE: [ssh-brute] Trying username/password pair: user:family
NSE: [ssh-brute] Trying username/password pair: web:family
NSE: [ssh-brute] Trying username/password pair: test:family
NSE: [ssh-brute] Trying username/password pair: root:jonathan
NSE: [ssh-brute] Trying username/password pair: admin:jonathan
NSE: [ssh-brute] Trying username/password pair: administrator:jonathan
NSE: [ssh-brute] Trying username/password pair: webadmin:jonathan
NSE: [ssh-brute] Trying username/password pair: sysadmin:jonathan
NSE: [ssh-brute] Trying username/password pair: netadmin:jonathan
NSE: [ssh-brute] Trying username/password pair: guest:jonathan
NSE: [ssh-brute] Trying username/password pair: user:jonathan
NSE: [ssh-brute] Trying username/password pair: web:jonathan
NSE: [ssh-brute] Trying username/password pair: test:jonathan
NSE: [ssh-brute] Trying username/password pair: root:cookie
NSE: [ssh-brute] Trying username/password pair: admin:cookie
NSE: [ssh-brute] Trying username/password pair: administrator:cookie
NSE: [ssh-brute] Trying username/password pair: webadmin:cookie
NSE: [ssh-brute] Trying username/password pair: sysadmin:cookie
NSE: [ssh-brute] Trying username/password pair: netadmin:cookie
NSE: [ssh-brute] Trying username/password pair: guest:cookie
NSE: [ssh-brute] Trying username/password pair: user:cookie
NSE: [ssh-brute] Trying username/password pair: web:cookie
NSE: [ssh-brute] Trying username/password pair: test:cookie
NSE: [ssh-brute] Trying username/password pair: root:summer
NSE: [ssh-brute] Trying username/password pair: admin:summer
NSE: [ssh-brute] Trying username/password pair: administrator:summer
NSE: [ssh-brute] Trying username/password pair: webadmin:summer
NSE: [ssh-brute] Trying username/password pair: sysadmin:summer
NSE: [ssh-brute] Trying username/password pair: netadmin:summer
NSE: [ssh-brute] Trying username/password pair: guest:summer
NSE: [ssh-brute] Trying username/password pair: user:summer
NSE: [ssh-brute] Trying username/password pair: web:summer
NSE: [ssh-brute] Trying username/password pair: test:summer
NSE: [ssh-brute] Trying username/password pair: root:987654321
NSE: [ssh-brute] Trying username/password pair: admin:987654321
NSE: [ssh-brute] Trying username/password pair: administrator:987654321
NSE: [ssh-brute] Trying username/password pair: webadmin:987654321
NSE: [ssh-brute] Trying username/password pair: sysadmin:987654321
NSE: [ssh-brute] Trying username/password pair: netadmin:987654321
NSE: [ssh-brute] Trying username/password pair: guest:987654321
NSE: [ssh-brute] Trying username/password pair: user:987654321
NSE: [ssh-brute] Trying username/password pair: web:987654321
NSE: [ssh-brute] Trying username/password pair: test:987654321
NSE: [ssh-brute] Trying username/password pair: root:naruto
NSE: [ssh-brute] Trying username/password pair: admin:naruto
NSE: [ssh-brute] Trying username/password pair: administrator:naruto
NSE: [ssh-brute] Trying username/password pair: webadmin:naruto
NSE: [ssh-brute] Trying username/password pair: sysadmin:naruto
NSE: [ssh-brute] Trying username/password pair: netadmin:naruto
NSE: [ssh-brute] Trying username/password pair: guest:naruto
NSE: [ssh-brute] Trying username/password pair: user:naruto
NSE: [ssh-brute] Trying username/password pair: web:naruto
NSE: [ssh-brute] Trying username/password pair: test:naruto
NSE: [ssh-brute] Trying username/password pair: root:vanessa
NSE: [ssh-brute] Trying username/password pair: admin:vanessa
NSE: [ssh-brute] Trying username/password pair: administrator:vanessa
NSE: [ssh-brute] Trying username/password pair: webadmin:vanessa
NSE: [ssh-brute] Trying username/password pair: sysadmin:vanessa
NSE: [ssh-brute] Trying username/password pair: netadmin:vanessa
NSE: [ssh-brute] Trying username/password pair: guest:vanessa
NSE: [ssh-brute] Trying username/password pair: user:vanessa
NSE: [ssh-brute] Trying username/password pair: web:vanessa
NSE: [ssh-brute] Trying username/password pair: test:vanessa
NSE: [ssh-brute] Trying username/password pair: root:sweety
NSE: [ssh-brute] Trying username/password pair: admin:sweety
NSE: [ssh-brute] Trying username/password pair: administrator:sweety
NSE: [ssh-brute] Trying username/password pair: webadmin:sweety
NSE: [ssh-brute] Trying username/password pair: sysadmin:sweety
NSE: [ssh-brute] Trying username/password pair: netadmin:sweety
NSE: [ssh-brute] Trying username/password pair: guest:sweety
NSE: [ssh-brute] Trying username/password pair: user:sweety
NSE: [ssh-brute] Trying username/password pair: web:sweety
NSE: [ssh-brute] Trying username/password pair: test:sweety
NSE: [ssh-brute] Trying username/password pair: root:joseph
NSE: [ssh-brute] Trying username/password pair: admin:joseph
NSE: [ssh-brute] Trying username/password pair: administrator:joseph
NSE: [ssh-brute] Trying username/password pair: webadmin:joseph
NSE: [ssh-brute] Trying username/password pair: sysadmin:joseph
NSE: [ssh-brute] Trying username/password pair: netadmin:joseph
NSE: [ssh-brute] Trying username/password pair: guest:joseph
NSE: [ssh-brute] Trying username/password pair: user:joseph
NSE: [ssh-brute] Trying username/password pair: web:joseph
NSE: [ssh-brute] Trying username/password pair: test:joseph
NSE: [ssh-brute] Trying username/password pair: root:spongebob
NSE: [ssh-brute] Trying username/password pair: admin:spongebob
NSE: [ssh-brute] Trying username/password pair: administrator:spongebob
NSE: [ssh-brute] Trying username/password pair: webadmin:spongebob
NSE: [ssh-brute] Trying username/password pair: sysadmin:spongebob
NSE: [ssh-brute] Trying username/password pair: netadmin:spongebob
NSE: [ssh-brute] Trying username/password pair: guest:spongebob
NSE: [ssh-brute] Trying username/password pair: user:spongebob
NSE: [ssh-brute] Trying username/password pair: web:spongebob
NSE: [ssh-brute] Trying username/password pair: test:spongebob
NSE: [ssh-brute] Trying username/password pair: root:junior
NSE: [ssh-brute] Trying username/password pair: admin:junior
NSE: [ssh-brute] Trying username/password pair: administrator:junior
NSE: [ssh-brute] Trying username/password pair: webadmin:junior
NSE: [ssh-brute] Trying username/password pair: sysadmin:junior
NSE: [ssh-brute] Trying username/password pair: netadmin:junior
NSE: [ssh-brute] Trying username/password pair: guest:junior
NSE: [ssh-brute] Trying username/password pair: user:junior
NSE: [ssh-brute] Trying username/password pair: web:junior
NSE: [ssh-brute] Trying username/password pair: test:junior
NSE: [ssh-brute] Trying username/password pair: root:taylor
NSE: [ssh-brute] Trying username/password pair: admin:taylor
NSE: [ssh-brute] Trying username/password pair: administrator:taylor
NSE: [ssh-brute] Trying username/password pair: webadmin:taylor
NSE: [ssh-brute] Trying username/password pair: sysadmin:taylor
NSE: [ssh-brute] Trying username/password pair: netadmin:taylor
NSE: [ssh-brute] Trying username/password pair: guest:taylor
NSE: [ssh-brute] Trying username/password pair: user:taylor
NSE: [ssh-brute] Trying username/password pair: web:taylor
NSE: [ssh-brute] Trying username/password pair: test:taylor
NSE: [ssh-brute] Trying username/password pair: root:softball
NSE: [ssh-brute] Trying username/password pair: admin:softball
NSE: [ssh-brute] Trying username/password pair: administrator:softball
NSE: [ssh-brute] Trying username/password pair: webadmin:softball
NSE: [ssh-brute] Trying username/password pair: sysadmin:softball
NSE: [ssh-brute] Trying username/password pair: netadmin:softball
NSE: [ssh-brute] Trying username/password pair: guest:softball
NSE: [ssh-brute] Trying username/password pair: user:softball
NSE: [ssh-brute] Trying username/password pair: web:softball
NSE: [ssh-brute] Trying username/password pair: test:softball
NSE: [ssh-brute] Trying username/password pair: root:mickey
NSE: [ssh-brute] Trying username/password pair: admin:mickey
NSE: [ssh-brute] Trying username/password pair: administrator:mickey
NSE: [ssh-brute] Trying username/password pair: webadmin:mickey
NSE: [ssh-brute] Trying username/password pair: sysadmin:mickey
NSE: [ssh-brute] Trying username/password pair: netadmin:mickey
NSE: [ssh-brute] Trying username/password pair: guest:mickey
NSE: [ssh-brute] Trying username/password pair: user:mickey
NSE: [ssh-brute] Trying username/password pair: web:mickey
NSE: [ssh-brute] Trying username/password pair: test:mickey
NSE: [ssh-brute] Trying username/password pair: root:yellow
NSE: [ssh-brute] Trying username/password pair: admin:yellow
NSE: [ssh-brute] Trying username/password pair: administrator:yellow
NSE: [ssh-brute] Trying username/password pair: webadmin:yellow
NSE: [ssh-brute] Trying username/password pair: sysadmin:yellow
NSE: [ssh-brute] Trying username/password pair: netadmin:yellow
NSE: [ssh-brute] Trying username/password pair: guest:yellow
NSE: [ssh-brute] Trying username/password pair: user:yellow
NSE: [ssh-brute] Trying username/password pair: web:yellow
NSE: [ssh-brute] Trying username/password pair: test:yellow
NSE: [ssh-brute] Trying username/password pair: root:lauren
NSE: [ssh-brute] Trying username/password pair: admin:lauren
NSE: [ssh-brute] Trying username/password pair: administrator:lauren
NSE: [ssh-brute] Trying username/password pair: webadmin:lauren
NSE: [ssh-brute] Trying username/password pair: sysadmin:lauren
NSE: [ssh-brute] Trying username/password pair: netadmin:lauren
NSE: [ssh-brute] Trying username/password pair: guest:lauren
NSE: [ssh-brute] Trying username/password pair: user:lauren
NSE: [ssh-brute] Trying username/password pair: web:lauren
NSE: [ssh-brute] Trying username/password pair: test:lauren
NSE: [ssh-brute] Trying username/password pair: root:daniela
NSE: [ssh-brute] Trying username/password pair: admin:daniela
NSE: [ssh-brute] Trying username/password pair: administrator:daniela
NSE: [ssh-brute] Trying username/password pair: webadmin:daniela
NSE: [ssh-brute] Trying username/password pair: sysadmin:daniela
NSE: [ssh-brute] Trying username/password pair: netadmin:daniela
NSE: [ssh-brute] Trying username/password pair: guest:daniela
NSE: [ssh-brute] Trying username/password pair: user:daniela
NSE: [ssh-brute] Trying username/password pair: web:daniela
NSE: [ssh-brute] Trying username/password pair: test:daniela
NSE: [ssh-brute] Trying username/password pair: root:princesa
NSE: [ssh-brute] Trying username/password pair: admin:princesa
NSE: [ssh-brute] Trying username/password pair: administrator:princesa
NSE: [ssh-brute] Trying username/password pair: webadmin:princesa
NSE: [ssh-brute] Trying username/password pair: sysadmin:princesa
NSE: [ssh-brute] Trying username/password pair: netadmin:princesa
NSE: [ssh-brute] Trying username/password pair: guest:princesa
NSE: [ssh-brute] Trying username/password pair: user:princesa
NSE: [ssh-brute] Trying username/password pair: web:princesa
NSE: [ssh-brute] Trying username/password pair: test:princesa
NSE: [ssh-brute] Trying username/password pair: root:william
NSE: [ssh-brute] Trying username/password pair: admin:william
NSE: [ssh-brute] Trying username/password pair: administrator:william
NSE: [ssh-brute] Trying username/password pair: webadmin:william
NSE: [ssh-brute] Trying username/password pair: sysadmin:william
NSE: [ssh-brute] Trying username/password pair: netadmin:william
NSE: [ssh-brute] Trying username/password pair: guest:william
NSE: [ssh-brute] Trying username/password pair: user:william
NSE: [ssh-brute] Trying username/password pair: web:william
NSE: [ssh-brute] Trying username/password pair: test:william
NSE: [ssh-brute] Trying username/password pair: root:alexandra
NSE: [ssh-brute] Trying username/password pair: admin:alexandra
NSE: [ssh-brute] Trying username/password pair: administrator:alexandra
NSE: [ssh-brute] Trying username/password pair: webadmin:alexandra
NSE: [ssh-brute] Trying username/password pair: sysadmin:alexandra
NSE: [ssh-brute] Trying username/password pair: netadmin:alexandra
NSE: [ssh-brute] Trying username/password pair: guest:alexandra
NSE: [ssh-brute] Trying username/password pair: user:alexandra
NSE: [ssh-brute] Trying username/password pair: web:alexandra
NSE: [ssh-brute] Trying username/password pair: test:alexandra
NSE: [ssh-brute] Trying username/password pair: root:thomas
NSE: [ssh-brute] Trying username/password pair: admin:thomas
NSE: [ssh-brute] Trying username/password pair: administrator:thomas
NSE: [ssh-brute] Trying username/password pair: webadmin:thomas
NSE: [ssh-brute] Trying username/password pair: sysadmin:thomas
NSE: [ssh-brute] Trying username/password pair: netadmin:thomas
NSE: [ssh-brute] Trying username/password pair: guest:thomas
NSE: [ssh-brute] Trying username/password pair: user:thomas
NSE: [ssh-brute] Trying username/password pair: web:thomas
NSE: [ssh-brute] Trying username/password pair: test:thomas
NSE: [ssh-brute] Trying username/password pair: root:jesus
NSE: [ssh-brute] Trying username/password pair: admin:jesus
NSE: [ssh-brute] Trying username/password pair: administrator:jesus
NSE: [ssh-brute] Trying username/password pair: webadmin:jesus
NSE: [ssh-brute] Trying username/password pair: sysadmin:jesus
NSE: [ssh-brute] Trying username/password pair: netadmin:jesus
NSE: [ssh-brute] Trying username/password pair: guest:jesus
NSE: [ssh-brute] Trying username/password pair: user:jesus
NSE: [ssh-brute] Trying username/password pair: web:jesus
NSE: [ssh-brute] Trying username/password pair: test:jesus
NSE: [ssh-brute] Trying username/password pair: root:alexis
NSE: [ssh-brute] Trying username/password pair: admin:alexis
NSE: [ssh-brute] Trying username/password pair: administrator:alexis
NSE: [ssh-brute] Trying username/password pair: webadmin:alexis
NSE: [ssh-brute] Trying username/password pair: sysadmin:alexis
NSE: [ssh-brute] Trying username/password pair: netadmin:alexis
NSE: [ssh-brute] Trying username/password pair: guest:alexis
NSE: [ssh-brute] Trying username/password pair: user:alexis
NSE: [ssh-brute] Trying username/password pair: web:alexis
NSE: [ssh-brute] Trying username/password pair: test:alexis
NSE: [ssh-brute] Trying username/password pair: root:miguel
NSE: [ssh-brute] Trying username/password pair: admin:miguel
NSE: [ssh-brute] Trying username/password pair: administrator:miguel
NSE: [ssh-brute] Trying username/password pair: webadmin:miguel
NSE: [ssh-brute] Trying username/password pair: sysadmin:miguel
NSE: [ssh-brute] Trying username/password pair: netadmin:miguel
NSE: [ssh-brute] Trying username/password pair: guest:miguel
NSE: [ssh-brute] Trying username/password pair: user:miguel
NSE: [ssh-brute] Trying username/password pair: web:miguel
NSE: [ssh-brute] Trying username/password pair: test:miguel
NSE: [ssh-brute] Trying username/password pair: root:estrella
NSE: [ssh-brute] Trying username/password pair: admin:estrella
NSE: [ssh-brute] Trying username/password pair: administrator:estrella
NSE: [ssh-brute] Trying username/password pair: webadmin:estrella
NSE: [ssh-brute] Trying username/password pair: sysadmin:estrella
NSE: [ssh-brute] Trying username/password pair: netadmin:estrella
NSE: [ssh-brute] Trying username/password pair: guest:estrella
NSE: [ssh-brute] Trying username/password pair: user:estrella
NSE: [ssh-brute] Trying username/password pair: web:estrella
NSE: [ssh-brute] Trying username/password pair: test:estrella
NSE: [ssh-brute] Trying username/password pair: root:patrick
NSE: [ssh-brute] Trying username/password pair: admin:patrick
NSE: [ssh-brute] Trying username/password pair: administrator:patrick
NSE: [ssh-brute] Trying username/password pair: webadmin:patrick
NSE: [ssh-brute] Trying username/password pair: sysadmin:patrick
NSE: [ssh-brute] Trying username/password pair: netadmin:patrick
NSE: [ssh-brute] Trying username/password pair: guest:patrick
NSE: [ssh-brute] Trying username/password pair: user:patrick
NSE: [ssh-brute] Trying username/password pair: web:patrick
NSE: [ssh-brute] Trying username/password pair: test:patrick
NSE: [ssh-brute] Trying username/password pair: root:angela
NSE: [ssh-brute] Trying username/password pair: admin:angela
NSE: [ssh-brute] Trying username/password pair: administrator:angela
NSE: [ssh-brute] Trying username/password pair: webadmin:angela
NSE: [ssh-brute] Trying username/password pair: sysadmin:angela
NSE: [ssh-brute] Trying username/password pair: netadmin:angela
NSE: [ssh-brute] Trying username/password pair: guest:angela
NSE: [ssh-brute] Trying username/password pair: user:angela
NSE: [ssh-brute] Trying username/password pair: web:angela
NSE: [ssh-brute] Trying username/password pair: test:angela
NSE: [ssh-brute] Trying username/password pair: root:mylove
NSE: [ssh-brute] Trying username/password pair: admin:mylove
NSE: [ssh-brute] Trying username/password pair: administrator:mylove
NSE: [ssh-brute] Trying username/password pair: webadmin:mylove
NSE: [ssh-brute] Trying username/password pair: sysadmin:mylove
NSE: [ssh-brute] Trying username/password pair: netadmin:mylove
NSE: [ssh-brute] Trying username/password pair: guest:mylove
NSE: [ssh-brute] Trying username/password pair: user:mylove
NSE: [ssh-brute] Trying username/password pair: web:mylove
NSE: [ssh-brute] Trying username/password pair: test:mylove
NSE: [ssh-brute] Trying username/password pair: root:poohbear
NSE: [ssh-brute] Trying username/password pair: admin:poohbear
NSE: [ssh-brute] Trying username/password pair: administrator:poohbear
NSE: [ssh-brute] Trying username/password pair: webadmin:poohbear
NSE: [ssh-brute] Trying username/password pair: sysadmin:poohbear
NSE: [ssh-brute] Trying username/password pair: netadmin:poohbear
NSE: [ssh-brute] Trying username/password pair: guest:poohbear
NSE: [ssh-brute] Trying username/password pair: user:poohbear
NSE: [ssh-brute] Trying username/password pair: web:poohbear
NSE: [ssh-brute] Trying username/password pair: test:poohbear
NSE: [ssh-brute] Trying username/password pair: root:beautiful
NSE: [ssh-brute] Trying username/password pair: admin:beautiful
NSE: [ssh-brute] Trying username/password pair: administrator:beautiful
NSE: [ssh-brute] Trying username/password pair: webadmin:beautiful
NSE: [ssh-brute] Trying username/password pair: sysadmin:beautiful
NSE: [ssh-brute] Trying username/password pair: netadmin:beautiful
NSE: [ssh-brute] Trying username/password pair: guest:beautiful
NSE: [ssh-brute] Trying username/password pair: user:beautiful
NSE: [ssh-brute] Trying username/password pair: web:beautiful
NSE: [ssh-brute] Trying username/password pair: test:beautiful
NSE: [ssh-brute] Trying username/password pair: root:iloveme
NSE: [ssh-brute] Trying username/password pair: admin:iloveme
NSE: [ssh-brute] Trying username/password pair: administrator:iloveme
NSE: [ssh-brute] Trying username/password pair: webadmin:iloveme
NSE: [ssh-brute] Trying username/password pair: sysadmin:iloveme
NSE: [ssh-brute] Trying username/password pair: netadmin:iloveme
NSE: [ssh-brute] Trying username/password pair: guest:iloveme
NSE: [ssh-brute] Trying username/password pair: user:iloveme
NSE: [ssh-brute] Trying username/password pair: web:iloveme
NSE: [ssh-brute] Trying username/password pair: test:iloveme
NSE: [ssh-brute] Trying username/password pair: root:sakura
NSE: [ssh-brute] Trying username/password pair: admin:sakura
NSE: [ssh-brute] Trying username/password pair: administrator:sakura
NSE: [ssh-brute] Trying username/password pair: webadmin:sakura
NSE: [ssh-brute] Trying username/password pair: sysadmin:sakura
NSE: [ssh-brute] Trying username/password pair: netadmin:sakura
NSE: [ssh-brute] Trying username/password pair: guest:sakura
NSE: [ssh-brute] Trying username/password pair: user:sakura
NSE: [ssh-brute] Trying username/password pair: web:sakura
NSE: [ssh-brute] Trying username/password pair: test:sakura
NSE: [ssh-brute] Trying username/password pair: root:adrian
NSE: [ssh-brute] Trying username/password pair: admin:adrian
NSE: [ssh-brute] Trying username/password pair: administrator:adrian
NSE: [ssh-brute] Trying username/password pair: webadmin:adrian
NSE: [ssh-brute] Trying username/password pair: sysadmin:adrian
NSE: [ssh-brute] Trying username/password pair: netadmin:adrian
NSE: [ssh-brute] Trying username/password pair: guest:adrian
NSE: [ssh-brute] Trying username/password pair: user:adrian
NSE: [ssh-brute] Trying username/password pair: web:adrian
NSE: [ssh-brute] Trying username/password pair: test:adrian
NSE: [ssh-brute] Trying username/password pair: root:121212
NSE: [ssh-brute] Trying username/password pair: admin:121212
NSE: [ssh-brute] Trying username/password pair: administrator:121212
NSE: [ssh-brute] Trying username/password pair: webadmin:121212
NSE: [ssh-brute] Trying username/password pair: sysadmin:121212
NSE: [ssh-brute] Trying username/password pair: netadmin:121212
NSE: [ssh-brute] Trying username/password pair: guest:121212
NSE: [ssh-brute] Trying username/password pair: user:121212
NSE: [ssh-brute] Trying username/password pair: web:121212
NSE: [ssh-brute] Trying username/password pair: test:121212
NSE: [ssh-brute] Trying username/password pair: root:destiny
NSE: [ssh-brute] Trying username/password pair: admin:destiny
NSE: [ssh-brute] Trying username/password pair: administrator:destiny
NSE: [ssh-brute] Trying username/password pair: webadmin:destiny
NSE: [ssh-brute] Trying username/password pair: sysadmin:destiny
NSE: [ssh-brute] Trying username/password pair: netadmin:destiny
NSE: [ssh-brute] Trying username/password pair: guest:destiny
NSE: [ssh-brute] Trying username/password pair: user:destiny
NSE: [ssh-brute] Trying username/password pair: web:destiny
NSE: [ssh-brute] Trying username/password pair: test:destiny
NSE: [ssh-brute] Trying username/password pair: root:alexander
NSE: [ssh-brute] Trying username/password pair: admin:alexander
NSE: [ssh-brute] Trying username/password pair: administrator:alexander
NSE: [ssh-brute] Trying username/password pair: webadmin:alexander
NSE: [ssh-brute] Trying username/password pair: sysadmin:alexander
NSE: [ssh-brute] Trying username/password pair: netadmin:alexander
NSE: [ssh-brute] Trying username/password pair: guest:alexander
NSE: [ssh-brute] Trying username/password pair: user:alexander
NSE: [ssh-brute] Trying username/password pair: web:alexander
NSE: [ssh-brute] Trying username/password pair: test:alexander
NSE: [ssh-brute] Trying username/password pair: root:christian
NSE: [ssh-brute] Trying username/password pair: admin:christian
NSE: [ssh-brute] Trying username/password pair: administrator:christian
NSE: [ssh-brute] Trying username/password pair: webadmin:christian
NSE: [ssh-brute] Trying username/password pair: sysadmin:christian
NSE: [ssh-brute] Trying username/password pair: netadmin:christian
NSE: [ssh-brute] Trying username/password pair: guest:christian
NSE: [ssh-brute] Trying username/password pair: user:christian
NSE: [ssh-brute] Trying username/password pair: web:christian
NSE: [ssh-brute] Trying username/password pair: test:christian
NSE: [ssh-brute] Trying username/password pair: root:america
NSE: [ssh-brute] Trying username/password pair: admin:america
NSE: [ssh-brute] Trying username/password pair: administrator:america
NSE: [ssh-brute] Trying username/password pair: webadmin:america
NSE: [ssh-brute] Trying username/password pair: sysadmin:america
NSE: [ssh-brute] Trying username/password pair: netadmin:america
NSE: [ssh-brute] Trying username/password pair: guest:america
NSE: [ssh-brute] Trying username/password pair: user:america
NSE: [ssh-brute] Trying username/password pair: web:america
NSE: [ssh-brute] Trying username/password pair: test:america
NSE: [ssh-brute] Trying username/password pair: root:monica
NSE: [ssh-brute] Trying username/password pair: admin:monica
NSE: [ssh-brute] Trying username/password pair: administrator:monica
NSE: [ssh-brute] Trying username/password pair: webadmin:monica
NSE: [ssh-brute] Trying username/password pair: sysadmin:monica
NSE: [ssh-brute] Trying username/password pair: netadmin:monica
NSE: [ssh-brute] Trying username/password pair: guest:monica
NSE: [ssh-brute] Trying username/password pair: user:monica
NSE: [ssh-brute] Trying username/password pair: web:monica
NSE: [ssh-brute] Trying username/password pair: test:monica
NSE: [ssh-brute] Trying username/password pair: root:dancer
NSE: [ssh-brute] Trying username/password pair: admin:dancer
NSE: [ssh-brute] Trying username/password pair: administrator:dancer
NSE: [ssh-brute] Trying username/password pair: webadmin:dancer
NSE: [ssh-brute] Trying username/password pair: sysadmin:dancer
NSE: [ssh-brute] Trying username/password pair: netadmin:dancer
NSE: [ssh-brute] Trying username/password pair: guest:dancer
NSE: [ssh-brute] Trying username/password pair: user:dancer
NSE: [ssh-brute] Trying username/password pair: web:dancer
NSE: [ssh-brute] Trying username/password pair: test:dancer
NSE: [ssh-brute] Trying username/password pair: root:112233
NSE: [ssh-brute] Trying username/password pair: admin:112233
NSE: [ssh-brute] Trying username/password pair: administrator:112233
NSE: [ssh-brute] Trying username/password pair: webadmin:112233
NSE: [ssh-brute] Trying username/password pair: sysadmin:112233
NSE: [ssh-brute] Trying username/password pair: netadmin:112233
NSE: [ssh-brute] Trying username/password pair: guest:112233
NSE: [ssh-brute] Trying username/password pair: user:112233
NSE: [ssh-brute] Trying username/password pair: web:112233
NSE: [ssh-brute] Trying username/password pair: test:112233
NSE: [ssh-brute] Trying username/password pair: root:sayang
NSE: [ssh-brute] Trying username/password pair: admin:sayang
NSE: [ssh-brute] Trying username/password pair: administrator:sayang
NSE: [ssh-brute] Trying username/password pair: webadmin:sayang
NSE: [ssh-brute] Trying username/password pair: sysadmin:sayang
NSE: [ssh-brute] Trying username/password pair: netadmin:sayang
NSE: [ssh-brute] Trying username/password pair: guest:sayang
NSE: [ssh-brute] Trying username/password pair: user:sayang
NSE: [ssh-brute] Trying username/password pair: web:sayang
NSE: [ssh-brute] Trying username/password pair: test:sayang
NSE: [ssh-brute] Trying username/password pair: root:richard
NSE: [ssh-brute] Trying username/password pair: admin:richard
NSE: [ssh-brute] Trying username/password pair: administrator:richard
NSE: [ssh-brute] Trying username/password pair: webadmin:richard
NSE: [ssh-brute] Trying username/password pair: sysadmin:richard
NSE: [ssh-brute] Trying username/password pair: netadmin:richard
NSE: [ssh-brute] Trying username/password pair: guest:richard
NSE: [ssh-brute] Trying username/password pair: user:richard
NSE: [ssh-brute] Trying username/password pair: web:richard
NSE: [ssh-brute] Trying username/password pair: test:richard
NSE: [ssh-brute] Trying username/password pair: root:diamond
NSE: [ssh-brute] Trying username/password pair: admin:diamond
NSE: [ssh-brute] Trying username/password pair: administrator:diamond
NSE: [ssh-brute] Trying username/password pair: webadmin:diamond
NSE: [ssh-brute] Trying username/password pair: sysadmin:diamond
NSE: [ssh-brute] Trying username/password pair: netadmin:diamond
NSE: [ssh-brute] Trying username/password pair: guest:diamond
NSE: [ssh-brute] Trying username/password pair: user:diamond
NSE: [ssh-brute] Trying username/password pair: web:diamond
NSE: [ssh-brute] Trying username/password pair: test:diamond
NSE: [ssh-brute] Trying username/password pair: root:orange
NSE: [ssh-brute] Trying username/password pair: admin:orange
NSE: [ssh-brute] Trying username/password pair: administrator:orange
NSE: [ssh-brute] Trying username/password pair: webadmin:orange
NSE: [ssh-brute] Trying username/password pair: sysadmin:orange
NSE: [ssh-brute] Trying username/password pair: netadmin:orange
NSE: [ssh-brute] Trying username/password pair: guest:orange
NSE: [ssh-brute] Trying username/password pair: user:orange
NSE: [ssh-brute] Trying username/password pair: web:orange
NSE: [ssh-brute] Trying username/password pair: test:orange
NSE: [ssh-brute] Trying username/password pair: root:555555
NSE: [ssh-brute] Trying username/password pair: admin:555555
NSE: [ssh-brute] Trying username/password pair: administrator:555555
NSE: [ssh-brute] Trying username/password pair: webadmin:555555
NSE: [ssh-brute] Trying username/password pair: sysadmin:555555
NSE: [ssh-brute] Trying username/password pair: netadmin:555555
NSE: [ssh-brute] Trying username/password pair: guest:555555
NSE: [ssh-brute] Trying username/password pair: user:555555
NSE: [ssh-brute] Trying username/password pair: web:555555
NSE: [ssh-brute] Trying username/password pair: test:555555
NSE: [ssh-brute] Trying username/password pair: root:princess1
NSE: [ssh-brute] Trying username/password pair: admin:princess1
NSE: [ssh-brute] Trying username/password pair: administrator:princess1
NSE: [ssh-brute] Trying username/password pair: webadmin:princess1
NSE: [ssh-brute] Trying username/password pair: sysadmin:princess1
NSE: [ssh-brute] Trying username/password pair: netadmin:princess1
NSE: [ssh-brute] Trying username/password pair: guest:princess1
NSE: [ssh-brute] Trying username/password pair: user:princess1
NSE: [ssh-brute] Trying username/password pair: web:princess1
NSE: [ssh-brute] Trying username/password pair: test:princess1
NSE: [ssh-brute] Trying username/password pair: root:carolina
NSE: [ssh-brute] Trying username/password pair: admin:carolina
NSE: [ssh-brute] Trying username/password pair: administrator:carolina
NSE: [ssh-brute] Trying username/password pair: webadmin:carolina
NSE: [ssh-brute] Trying username/password pair: sysadmin:carolina
NSE: [ssh-brute] Trying username/password pair: netadmin:carolina
NSE: [ssh-brute] Trying username/password pair: guest:carolina
NSE: [ssh-brute] Trying username/password pair: user:carolina
NSE: [ssh-brute] Trying username/password pair: web:carolina
NSE: [ssh-brute] Trying username/password pair: test:carolina
NSE: [ssh-brute] Trying username/password pair: root:steven
NSE: [ssh-brute] Trying username/password pair: admin:steven
NSE: [ssh-brute] Trying username/password pair: administrator:steven
NSE: [ssh-brute] Trying username/password pair: webadmin:steven
NSE: [ssh-brute] Trying username/password pair: sysadmin:steven
NSE: [ssh-brute] Trying username/password pair: netadmin:steven
NSE: [ssh-brute] Trying username/password pair: guest:steven
NSE: [ssh-brute] Trying username/password pair: user:steven
NSE: [ssh-brute] Trying username/password pair: web:steven
NSE: [ssh-brute] Trying username/password pair: test:steven
NSE: [ssh-brute] Trying username/password pair: root:louise
NSE: [ssh-brute] Trying username/password pair: admin:louise
NSE: [ssh-brute] Trying username/password pair: administrator:louise
NSE: [ssh-brute] Trying username/password pair: webadmin:louise
NSE: [ssh-brute] Trying username/password pair: sysadmin:louise
NSE: [ssh-brute] Trying username/password pair: netadmin:louise
NSE: [ssh-brute] Trying username/password pair: guest:louise
NSE: [ssh-brute] Trying username/password pair: user:louise
NSE: [ssh-brute] Trying username/password pair: web:louise
NSE: [ssh-brute] Trying username/password pair: test:louise
NSE: [ssh-brute] Trying username/password pair: root:rangers
NSE: [ssh-brute] Trying username/password pair: admin:rangers
NSE: [ssh-brute] Trying username/password pair: administrator:rangers
NSE: [ssh-brute] Trying username/password pair: webadmin:rangers
NSE: [ssh-brute] Trying username/password pair: sysadmin:rangers
NSE: [ssh-brute] Trying username/password pair: netadmin:rangers
NSE: [ssh-brute] Trying username/password pair: guest:rangers
NSE: [ssh-brute] Trying username/password pair: user:rangers
NSE: [ssh-brute] Trying username/password pair: web:rangers
NSE: [ssh-brute] Trying username/password pair: test:rangers
NSE: [ssh-brute] Trying username/password pair: root:snoopy
NSE: [ssh-brute] Trying username/password pair: admin:snoopy
NSE: [ssh-brute] Trying username/password pair: administrator:snoopy
NSE: [ssh-brute] Trying username/password pair: webadmin:snoopy
NSE: [ssh-brute] Trying username/password pair: sysadmin:snoopy
NSE: [ssh-brute] Trying username/password pair: netadmin:snoopy
NSE: [ssh-brute] Trying username/password pair: guest:snoopy
NSE: [ssh-brute] Trying username/password pair: user:snoopy
NSE: [ssh-brute] Trying username/password pair: web:snoopy
NSE: [ssh-brute] Trying username/password pair: test:snoopy
NSE: [ssh-brute] Trying username/password pair: root:hunter
NSE: [ssh-brute] Trying username/password pair: admin:hunter
NSE: [ssh-brute] Trying username/password pair: administrator:hunter
NSE: [ssh-brute] Trying username/password pair: webadmin:hunter
NSE: [ssh-brute] Trying username/password pair: sysadmin:hunter
NSE: [ssh-brute] Trying username/password pair: netadmin:hunter
NSE: [ssh-brute] Trying username/password pair: guest:hunter
NSE: [ssh-brute] Trying username/password pair: user:hunter
NSE: [ssh-brute] Trying username/password pair: web:hunter
NSE: [ssh-brute] Trying username/password pair: test:hunter
NSE: [ssh-brute] Trying username/password pair: root:999999
NSE: [ssh-brute] Trying username/password pair: admin:999999
NSE: [ssh-brute] Trying username/password pair: administrator:999999
NSE: [ssh-brute] Trying username/password pair: webadmin:999999
NSE: [ssh-brute] Trying username/password pair: sysadmin:999999
NSE: [ssh-brute] Trying username/password pair: netadmin:999999
NSE: [ssh-brute] Trying username/password pair: guest:999999
NSE: [ssh-brute] Trying username/password pair: user:999999
NSE: [ssh-brute] Trying username/password pair: web:999999
NSE: [ssh-brute] Trying username/password pair: test:999999
NSE: [ssh-brute] Trying username/password pair: root:killer
NSE: [ssh-brute] Trying username/password pair: admin:killer
NSE: [ssh-brute] Trying username/password pair: administrator:killer
NSE: [ssh-brute] Trying username/password pair: webadmin:killer
NSE: [ssh-brute] Trying username/password pair: sysadmin:killer
NSE: [ssh-brute] Trying username/password pair: netadmin:killer
NSE: [ssh-brute] Trying username/password pair: guest:killer
NSE: [ssh-brute] Trying username/password pair: user:killer
NSE: [ssh-brute] Trying username/password pair: web:killer
NSE: [ssh-brute] Trying username/password pair: test:killer
NSE: [ssh-brute] Trying username/password pair: root:nathan
NSE: [ssh-brute] Trying username/password pair: admin:nathan
NSE: [ssh-brute] Trying username/password pair: administrator:nathan
NSE: [ssh-brute] Trying username/password pair: webadmin:nathan
NSE: [ssh-brute] Trying username/password pair: sysadmin:nathan
NSE: [ssh-brute] Trying username/password pair: netadmin:nathan
NSE: [ssh-brute] Trying username/password pair: guest:nathan
NSE: [ssh-brute] Trying username/password pair: user:nathan
NSE: [ssh-brute] Trying username/password pair: web:nathan
NSE: [ssh-brute] Trying username/password pair: test:nathan
NSE: [ssh-brute] Trying username/password pair: root:789456
NSE: [ssh-brute] Trying username/password pair: admin:789456
NSE: [ssh-brute] Trying username/password pair: administrator:789456
NSE: [ssh-brute] Trying username/password pair: webadmin:789456
NSE: [ssh-brute] Trying username/password pair: sysadmin:789456
NSE: [ssh-brute] Trying username/password pair: netadmin:789456
NSE: [ssh-brute] Trying username/password pair: guest:789456
NSE: [ssh-brute] Trying username/password pair: user:789456
NSE: [ssh-brute] Trying username/password pair: web:789456
NSE: [ssh-brute] Trying username/password pair: test:789456
NSE: [ssh-brute] Trying username/password pair: root:11111
NSE: [ssh-brute] Trying username/password pair: admin:11111
NSE: [ssh-brute] Trying username/password pair: administrator:11111
NSE: [ssh-brute] Trying username/password pair: webadmin:11111
NSE: [ssh-brute] Trying username/password pair: sysadmin:11111
NSE: [ssh-brute] Trying username/password pair: netadmin:11111
NSE: [ssh-brute] Trying username/password pair: guest:11111
NSE: [ssh-brute] Trying username/password pair: user:11111
NSE: [ssh-brute] Trying username/password pair: web:11111
NSE: [ssh-brute] Trying username/password pair: test:11111
NSE: [ssh-brute] Trying username/password pair: root:buster
NSE: [ssh-brute] Trying username/password pair: admin:buster
NSE: [ssh-brute] Trying username/password pair: administrator:buster
NSE: [ssh-brute] Trying username/password pair: webadmin:buster
NSE: [ssh-brute] Trying username/password pair: sysadmin:buster
NSE: [ssh-brute] Trying username/password pair: netadmin:buster
NSE: [ssh-brute] Trying username/password pair: guest:buster
NSE: [ssh-brute] Trying username/password pair: user:buster
NSE: [ssh-brute] Trying username/password pair: web:buster
NSE: [ssh-brute] Trying username/password pair: test:buster
NSE: [ssh-brute] Trying username/password pair: root:shorty
NSE: [ssh-brute] Trying username/password pair: admin:shorty
NSE: [ssh-brute] Trying username/password pair: administrator:shorty
NSE: [ssh-brute] Trying username/password pair: webadmin:shorty
NSE: [ssh-brute] Trying username/password pair: sysadmin:shorty
NSE: [ssh-brute] Trying username/password pair: netadmin:shorty
NSE: [ssh-brute] Trying username/password pair: guest:shorty
NSE: [ssh-brute] Trying username/password pair: user:shorty
NSE: [ssh-brute] Trying username/password pair: web:shorty
NSE: [ssh-brute] Trying username/password pair: test:shorty
NSE: [ssh-brute] Trying username/password pair: root:gabriel
NSE: [ssh-brute] Trying username/password pair: admin:gabriel
NSE: [ssh-brute] Trying username/password pair: administrator:gabriel
NSE: [ssh-brute] Trying username/password pair: webadmin:gabriel
NSE: [ssh-brute] Trying username/password pair: sysadmin:gabriel
NSE: [ssh-brute] Trying username/password pair: netadmin:gabriel
NSE: [ssh-brute] Trying username/password pair: guest:gabriel
NSE: [ssh-brute] Trying username/password pair: user:gabriel
NSE: [ssh-brute] Trying username/password pair: web:gabriel
NSE: [ssh-brute] Trying username/password pair: test:gabriel
NSE: [ssh-brute] Trying username/password pair: root:cherry
NSE: [ssh-brute] Trying username/password pair: admin:cherry
NSE: [ssh-brute] Trying username/password pair: administrator:cherry
NSE: [ssh-brute] Trying username/password pair: webadmin:cherry
NSE: [ssh-brute] Trying username/password pair: sysadmin:cherry
NSE: [ssh-brute] Trying username/password pair: netadmin:cherry
NSE: [ssh-brute] Trying username/password pair: guest:cherry
NSE: [ssh-brute] Trying username/password pair: user:cherry
NSE: [ssh-brute] Trying username/password pair: web:cherry
NSE: [ssh-brute] Trying username/password pair: test:cherry
NSE: [ssh-brute] Trying username/password pair: root:george
NSE: [ssh-brute] Trying username/password pair: admin:george
NSE: [ssh-brute] Trying username/password pair: administrator:george
NSE: [ssh-brute] Trying username/password pair: webadmin:george
NSE: [ssh-brute] Trying username/password pair: sysadmin:george
NSE: [ssh-brute] Trying username/password pair: netadmin:george
NSE: [ssh-brute] Trying username/password pair: guest:george
NSE: [ssh-brute] Trying username/password pair: user:george
NSE: [ssh-brute] Trying username/password pair: web:george
NSE: [ssh-brute] Trying username/password pair: test:george
NSE: [ssh-brute] Trying username/password pair: root:cheese
NSE: [ssh-brute] Trying username/password pair: admin:cheese
NSE: [ssh-brute] Trying username/password pair: administrator:cheese
NSE: [ssh-brute] Trying username/password pair: webadmin:cheese
NSE: [ssh-brute] Trying username/password pair: sysadmin:cheese
NSE: [ssh-brute] Trying username/password pair: netadmin:cheese
NSE: [ssh-brute] Trying username/password pair: guest:cheese
NSE: [ssh-brute] Trying username/password pair: user:cheese
NSE: [ssh-brute] Trying username/password pair: web:cheese
NSE: [ssh-brute] Trying username/password pair: test:cheese
NSE: [ssh-brute] Trying username/password pair: root:sandra
NSE: [ssh-brute] Trying username/password pair: admin:sandra
NSE: [ssh-brute] Trying username/password pair: administrator:sandra
NSE: [ssh-brute] Trying username/password pair: webadmin:sandra
NSE: [ssh-brute] Trying username/password pair: sysadmin:sandra
NSE: [ssh-brute] Trying username/password pair: netadmin:sandra
NSE: [ssh-brute] Trying username/password pair: guest:sandra
NSE: [ssh-brute] Trying username/password pair: user:sandra
NSE: [ssh-brute] Trying username/password pair: web:sandra
NSE: [ssh-brute] Trying username/password pair: test:sandra
NSE: [ssh-brute] Trying username/password pair: root:alejandro
NSE: [ssh-brute] Trying username/password pair: admin:alejandro
NSE: [ssh-brute] Trying username/password pair: administrator:alejandro
NSE: [ssh-brute] Trying username/password pair: webadmin:alejandro
NSE: [ssh-brute] Trying username/password pair: sysadmin:alejandro
NSE: [ssh-brute] Trying username/password pair: netadmin:alejandro
NSE: [ssh-brute] Trying username/password pair: guest:alejandro
NSE: [ssh-brute] Trying username/password pair: user:alejandro
NSE: [ssh-brute] Trying username/password pair: web:alejandro
NSE: [ssh-brute] Trying username/password pair: test:alejandro
NSE: [ssh-brute] Trying username/password pair: root:rachel
NSE: [ssh-brute] Trying username/password pair: admin:rachel
NSE: [ssh-brute] Trying username/password pair: administrator:rachel
NSE: [ssh-brute] Trying username/password pair: webadmin:rachel
NSE: [ssh-brute] Trying username/password pair: sysadmin:rachel
NSE: [ssh-brute] Trying username/password pair: netadmin:rachel
NSE: [ssh-brute] Trying username/password pair: guest:rachel
NSE: [ssh-brute] Trying username/password pair: user:rachel
NSE: [ssh-brute] Trying username/password pair: web:rachel
NSE: [ssh-brute] Trying username/password pair: test:rachel
NSE: [ssh-brute] Trying username/password pair: root:brittany
NSE: [ssh-brute] Trying username/password pair: admin:brittany
NSE: [ssh-brute] Trying username/password pair: administrator:brittany
NSE: [ssh-brute] Trying username/password pair: webadmin:brittany
NSE: [ssh-brute] Trying username/password pair: sysadmin:brittany
NSE: [ssh-brute] Trying username/password pair: netadmin:brittany
NSE: [ssh-brute] Trying username/password pair: guest:brittany
NSE: [ssh-brute] Trying username/password pair: user:brittany
NSE: [ssh-brute] Trying username/password pair: web:brittany
NSE: [ssh-brute] Trying username/password pair: test:brittany
NSE: [ssh-brute] Trying username/password pair: root:ginger
NSE: [ssh-brute] Trying username/password pair: admin:ginger
NSE: [ssh-brute] Trying username/password pair: administrator:ginger
NSE: [ssh-brute] Trying username/password pair: webadmin:ginger
NSE: [ssh-brute] Trying username/password pair: sysadmin:ginger
NSE: [ssh-brute] Trying username/password pair: netadmin:ginger
NSE: [ssh-brute] Trying username/password pair: guest:ginger
NSE: [ssh-brute] Trying username/password pair: user:ginger
NSE: [ssh-brute] Trying username/password pair: web:ginger
NSE: [ssh-brute] Trying username/password pair: test:ginger
NSE: [ssh-brute] Trying username/password pair: root:patricia
NSE: [ssh-brute] Trying username/password pair: admin:patricia
NSE: [ssh-brute] Trying username/password pair: administrator:patricia
NSE: [ssh-brute] Trying username/password pair: webadmin:patricia
NSE: [ssh-brute] Trying username/password pair: sysadmin:patricia
NSE: [ssh-brute] usernames: Time limit 10m00s exceeded.
NSE: [ssh-brute] usernames: Time limit 10m00s exceeded.
NSE: [ssh-brute] passwords: Time limit 10m00s exceeded.
Nmap scan report for 10.10.97.216
Host is up (0.16s latency).
Not shown: 998 closed tcp ports (reset)
PORT     STATE SERVICE
22/tcp   open  ssh
| ssh-brute: 
|   Accounts: No valid accounts found
|_  Statistics: Performed 1523 guesses in 603 seconds, average tps: 2.7
8000/tcp open  http-alt

Nmap done: 1 IP address (1 host up) scanned in 607.83 seconds
