Starting Nmap 7.95 ( https://nmap.org ) at 2025-05-19 06:06 EDT
NSE: Loaded 1 scripts for scanning.
NSE: Script Pre-scanning.
NSE: Starting runlevel 1 (of 1) scan.
Initiating NSE at 06:06
Completed NSE at 06:06, 0.00s elapsed
Initiating Ping Scan at 06:06
Scanning 10.10.21.186 [4 ports]
Completed Ping Scan at 06:06, 0.45s elapsed (1 total hosts)
Initiating Parallel DNS resolution of 1 host. at 06:06
Completed Parallel DNS resolution of 1 host. at 06:06, 0.01s elapsed
DNS resolution of 1 IPs took 0.01s. Mode: Async [#: 2, OK: 0, NX: 1, DR: 0, SF: 0, TR: 1, CN: 0]
Initiating SYN Stealth Scan at 06:06
Scanning 10.10.21.186 [1 port]
Discovered open port 25/tcp on 10.10.21.186
Completed SYN Stealth Scan at 06:06, 2.51s elapsed (1 total ports)
NSE: Script scanning 10.10.21.186.
NSE: Starting runlevel 1 (of 1) scan.
Initiating NSE at 06:06
Completed NSE at 06:06, 1.81s elapsed
Nmap scan report for 10.10.21.186
Host is up, received echo-reply ttl 60 (0.42s latency).
Scanned at 2025-05-19 06:06:19 EDT for 4s

PORT   STATE SERVICE REASON
25/tcp open  smtp    syn-ack ttl 60
| smtp-enum-users: 
|_  Method RCPT returned a unhandled status code.

NSE: Script Post-scanning.
NSE: Starting runlevel 1 (of 1) scan.
Initiating NSE at 06:06
Completed NSE at 06:06, 0.00s elapsed
Read data files from: /usr/share/nmap
Nmap done: 1 IP address (1 host up) scanned in 5.03 seconds
           Raw packets sent: 6 (240B) | Rcvd: 5 (242B)
